TN:
SF:/usr/include/c++/11/bits/alloc_traits.h
FN:562,_ZNSt16allocator_traitsISaIcEE37select_on_container_copy_constructionERKS0_
FNDA:0,_ZNSt16allocator_traitsISaIcEE37select_on_container_copy_constructionERKS0_
DA:562,0
DA:563,0
end_of_record
SF:/usr/include/c++/11/ext/type_traits.h
FN:152,_ZN9__gnu_cxx17__is_null_pointerIcEEbPT_
FNDA:0,_ZN9__gnu_cxx17__is_null_pointerIcEEbPT_
FN:152,_ZN9__gnu_cxx17__is_null_pointerIKcEEbPT_
FNDA:0,_ZN9__gnu_cxx17__is_null_pointerIKcEEbPT_
DA:152,0
DA:153,0
DA:152,0
DA:153,0
end_of_record
SF:/usr/include/c++/11/tuple
FN:124,_ZNSt10_Head_baseILm1ESt14default_deleteINSt7__cxx1118basic_stringstreamIcSt11char_traitsIcESaIcEEEELb1EE7_M_headERS8_
FNDA:0,_ZNSt10_Head_baseILm1ESt14default_deleteINSt7__cxx1118basic_stringstreamIcSt11char_traitsIcESaIcEEEELb1EE7_M_headERS8_
FN:233,_ZNSt10_Head_baseILm0EPNSt7__cxx1118basic_stringstreamIcSt11char_traitsIcESaIcEEELb0EE7_M_headERS7_
FNDA:0,_ZNSt10_Head_baseILm0EPNSt7__cxx1118basic_stringstreamIcSt11char_traitsIcESaIcEEELb0EE7_M_headERS7_
FN:236,_ZNSt10_Head_baseILm0EPNSt7__cxx1118basic_stringstreamIcSt11char_traitsIcESaIcEEELb0EE7_M_headERKS7_
FNDA:0,_ZNSt10_Head_baseILm0EPNSt7__cxx1118basic_stringstreamIcSt11char_traitsIcESaIcEEELb0EE7_M_headERKS7_
FN:268,_ZNSt11_Tuple_implILm0EJPNSt7__cxx1118basic_stringstreamIcSt11char_traitsIcESaIcEEESt14default_deleteIS5_EEE7_M_headERS9_
FNDA:0,_ZNSt11_Tuple_implILm0EJPNSt7__cxx1118basic_stringstreamIcSt11char_traitsIcESaIcEEESt14default_deleteIS5_EEE7_M_headERS9_
FN:271,_ZNSt11_Tuple_implILm0EJPNSt7__cxx1118basic_stringstreamIcSt11char_traitsIcESaIcEEESt14default_deleteIS5_EEE7_M_headERKS9_
FNDA:0,_ZNSt11_Tuple_implILm0EJPNSt7__cxx1118basic_stringstreamIcSt11char_traitsIcESaIcEEESt14default_deleteIS5_EEE7_M_headERKS9_
FN:424,_ZNSt11_Tuple_implILm1EJSt14default_deleteINSt7__cxx1118basic_stringstreamIcSt11char_traitsIcESaIcEEEEEE7_M_headERS8_
FNDA:0,_ZNSt11_Tuple_implILm1EJSt14default_deleteINSt7__cxx1118basic_stringstreamIcSt11char_traitsIcESaIcEEEEEE7_M_headERS8_
FN:1377,_ZSt12__get_helperILm1ESt14default_deleteINSt7__cxx1118basic_stringstreamIcSt11char_traitsIcESaIcEEEEJEERT0_RSt11_Tuple_implIXT_EJS8_DpT1_EE
FNDA:0,_ZSt12__get_helperILm1ESt14default_deleteINSt7__cxx1118basic_stringstreamIcSt11char_traitsIcESaIcEEEEJEERT0_RSt11_Tuple_implIXT_EJS8_DpT1_EE
FN:1377,_ZSt12__get_helperILm0EPNSt7__cxx1118basic_stringstreamIcSt11char_traitsIcESaIcEEEJSt14default_deleteIS5_EEERT0_RSt11_Tuple_implIXT_EJS9_DpT1_EE
FNDA:0,_ZSt12__get_helperILm0EPNSt7__cxx1118basic_stringstreamIcSt11char_traitsIcESaIcEEEJSt14default_deleteIS5_EEERT0_RSt11_Tuple_implIXT_EJS9_DpT1_EE
FN:1382,_ZSt12__get_helperILm0EPNSt7__cxx1118basic_stringstreamIcSt11char_traitsIcESaIcEEEJSt14default_deleteIS5_EEERKT0_RKSt11_Tuple_implIXT_EJS9_DpT1_EE
FNDA:0,_ZSt12__get_helperILm0EPNSt7__cxx1118basic_stringstreamIcSt11char_traitsIcESaIcEEEJSt14default_deleteIS5_EEERKT0_RKSt11_Tuple_implIXT_EJS9_DpT1_EE
FN:1393,_ZSt3getILm1EJPNSt7__cxx1118basic_stringstreamIcSt11char_traitsIcESaIcEEESt14default_deleteIS5_EEERNSt13tuple_elementIXT_ESt5tupleIJDpT0_EEE4typeERSD_
FNDA:0,_ZSt3getILm1EJPNSt7__cxx1118basic_stringstreamIcSt11char_traitsIcESaIcEEESt14default_deleteIS5_EEERNSt13tuple_elementIXT_ESt5tupleIJDpT0_EEE4typeERSD_
FN:1393,_ZSt3getILm0EJPNSt7__cxx1118basic_stringstreamIcSt11char_traitsIcESaIcEEESt14default_deleteIS5_EEERNSt13tuple_elementIXT_ESt5tupleIJDpT0_EEE4typeERSD_
FNDA:0,_ZSt3getILm0EJPNSt7__cxx1118basic_stringstreamIcSt11char_traitsIcESaIcEEESt14default_deleteIS5_EEERNSt13tuple_elementIXT_ESt5tupleIJDpT0_EEE4typeERSD_
FN:1399,_ZSt3getILm0EJPNSt7__cxx1118basic_stringstreamIcSt11char_traitsIcESaIcEEESt14default_deleteIS5_EEERKNSt13tuple_elementIXT_ESt5tupleIJDpT0_EEE4typeERKSD_
FNDA:0,_ZSt3getILm0EJPNSt7__cxx1118basic_stringstreamIcSt11char_traitsIcESaIcEEESt14default_deleteIS5_EEERKNSt13tuple_elementIXT_ESt5tupleIJDpT0_EEE4typeERKSD_
DA:124,0
DA:233,0
DA:236,0
DA:268,0
DA:271,0
DA:424,0
DA:1377,0
DA:1378,0
DA:1377,0
DA:1378,0
DA:1382,0
DA:1383,0
DA:1393,0
DA:1394,0
DA:1393,0
DA:1394,0
DA:1399,0
DA:1400,0
end_of_record
SF:/usr/include/c++/11/bits/stl_iterator_base_funcs.h
FN:98,_ZSt10__distanceIPcENSt15iterator_traitsIT_E15difference_typeES2_S2_St26random_access_iterator_tag
FNDA:0,_ZSt10__distanceIPcENSt15iterator_traitsIT_E15difference_typeES2_S2_St26random_access_iterator_tag
FN:98,_ZSt10__distanceIPKcENSt15iterator_traitsIT_E15difference_typeES3_S3_St26random_access_iterator_tag
FNDA:0,_ZSt10__distanceIPKcENSt15iterator_traitsIT_E15difference_typeES3_S3_St26random_access_iterator_tag
FN:138,_ZSt8distanceIPcENSt15iterator_traitsIT_E15difference_typeES2_S2_
FNDA:0,_ZSt8distanceIPcENSt15iterator_traitsIT_E15difference_typeES2_S2_
FN:138,_ZSt8distanceIPKcENSt15iterator_traitsIT_E15difference_typeES3_S3_
FNDA:0,_ZSt8distanceIPKcENSt15iterator_traitsIT_E15difference_typeES3_S3_
FN:174,_ZSt9__advanceIN9__gnu_cxx17__normal_iteratorIPcNSt7__cxx1112basic_stringIcSt11char_traitsIcESaIcEEEEElEvRT_T0_St26random_access_iterator_tag
FNDA:3,_ZSt9__advanceIN9__gnu_cxx17__normal_iteratorIPcNSt7__cxx1112basic_stringIcSt11char_traitsIcESaIcEEEEElEvRT_T0_St26random_access_iterator_tag
FN:202,_ZSt7advanceIN9__gnu_cxx17__normal_iteratorIPcNSt7__cxx1112basic_stringIcSt11char_traitsIcESaIcEEEEElEvRT_T0_
FNDA:3,_ZSt7advanceIN9__gnu_cxx17__normal_iteratorIPcNSt7__cxx1112basic_stringIcSt11char_traitsIcESaIcEEEEElEvRT_T0_
FN:224,_ZSt4prevIN9__gnu_cxx17__normal_iteratorIPcNSt7__cxx1112basic_stringIcSt11char_traitsIcESaIcEEEEEET_SA_NSt15iterator_traitsISA_E15difference_typeE
FNDA:3,_ZSt4prevIN9__gnu_cxx17__normal_iteratorIPcNSt7__cxx1112basic_stringIcSt11char_traitsIcESaIcEEEEEET_SA_NSt15iterator_traitsISA_E15difference_typeE
DA:98,0
DA:104,0
DA:98,0
DA:104,0
DA:138,0
DA:141,0
DA:142,0
DA:138,0
DA:141,0
DA:142,0
DA:174,3
DA:185,3
DA:186,3
DA:202,3
DA:205,3
DA:206,3
DA:207,3
DA:224,3
DA:230,3
DA:231,3
end_of_record
SF:/usr/include/c++/11/type_traits
FN:70,_ZNKSt17integral_constantIbLb1EEcvbEv
FNDA:0,_ZNKSt17integral_constantIbLb1EEcvbEv
DA:70,0
end_of_record
SF:/usr/include/c++/11/ext/new_allocator.h
FN:79,_ZN9__gnu_cxx13new_allocatorIcEC2Ev
FNDA:0,_ZN9__gnu_cxx13new_allocatorIcEC2Ev
FN:82,_ZN9__gnu_cxx13new_allocatorIcEC2ERKS1_
FNDA:0,_ZN9__gnu_cxx13new_allocatorIcEC2ERKS1_
FN:89,_ZN9__gnu_cxx13new_allocatorIcED2Ev
FNDA:0,_ZN9__gnu_cxx13new_allocatorIcED2Ev
DA:79,0
DA:82,0
DA:89,0
end_of_record
SF:/home/jlaustill/repo/sea-dash/.pio/libdeps/latest_stable/googletest/googletest/include/gtest/internal/gtest-filepath.h
FN:72,_ZN7testing8internal8FilePathC2Ev
FNDA:0,_ZN7testing8internal8FilePathC2Ev
FN:73,_ZN7testing8internal8FilePathC2ERKS1_
FNDA:0,_ZN7testing8internal8FilePathC2ERKS1_
FN:76,_ZN7testing8internal8FilePathC2ENSt7__cxx1112basic_stringIcSt11char_traitsIcESaIcEEE
FNDA:0,_ZN7testing8internal8FilePathC2ENSt7__cxx1112basic_stringIcSt11char_traitsIcESaIcEEE
FN:89,_ZN7testing8internal8FilePath3SetERKS1_
FNDA:0,_ZN7testing8internal8FilePath3SetERKS1_
FN:91,_ZNK7testing8internal8FilePath6stringB5cxx11Ev
FNDA:0,_ZNK7testing8internal8FilePath6stringB5cxx11Ev
FN:92,_ZNK7testing8internal8FilePath5c_strEv
FNDA:0,_ZNK7testing8internal8FilePath5c_strEv
FN:124,_ZNK7testing8internal8FilePath7IsEmptyEv
FNDA:0,_ZNK7testing8internal8FilePath7IsEmptyEv
DA:72,0
DA:73,0
DA:76,0
DA:77,0
DA:78,0
DA:89,0
DA:91,0
DA:92,0
DA:124,0
end_of_record
SF:/usr/include/c++/11/bits/unique_ptr.h
FN:79,_ZNKSt14default_deleteINSt7__cxx1118basic_stringstreamIcSt11char_traitsIcESaIcEEEEclEPS5_
FNDA:0,_ZNKSt14default_deleteINSt7__cxx1118basic_stringstreamIcSt11char_traitsIcESaIcEEEEclEPS5_
FN:172,_ZNSt15__uniq_ptr_implINSt7__cxx1118basic_stringstreamIcSt11char_traitsIcESaIcEEESt14default_deleteIS5_EE6_M_ptrEv
FNDA:0,_ZNSt15__uniq_ptr_implINSt7__cxx1118basic_stringstreamIcSt11char_traitsIcESaIcEEESt14default_deleteIS5_EE6_M_ptrEv
FN:173,_ZNKSt15__uniq_ptr_implINSt7__cxx1118basic_stringstreamIcSt11char_traitsIcESaIcEEESt14default_deleteIS5_EE6_M_ptrEv
FNDA:0,_ZNKSt15__uniq_ptr_implINSt7__cxx1118basic_stringstreamIcSt11char_traitsIcESaIcEEESt14default_deleteIS5_EE6_M_ptrEv
FN:174,_ZNSt15__uniq_ptr_implINSt7__cxx1118basic_stringstreamIcSt11char_traitsIcESaIcEEESt14default_deleteIS5_EE10_M_deleterEv
FNDA:0,_ZNSt15__uniq_ptr_implINSt7__cxx1118basic_stringstreamIcSt11char_traitsIcESaIcEEESt14default_deleteIS5_EE10_M_deleterEv
FN:355,_ZNSt10unique_ptrINSt7__cxx1118basic_stringstreamIcSt11char_traitsIcESaIcEEESt14default_deleteIS5_EED2Ev
FNDA:0,_ZNSt10unique_ptrINSt7__cxx1118basic_stringstreamIcSt11char_traitsIcESaIcEEESt14default_deleteIS5_EED2Ev
FN:405,_ZNKSt10unique_ptrINSt7__cxx1118basic_stringstreamIcSt11char_traitsIcESaIcEEESt14default_deleteIS5_EEdeEv
FNDA:0,_ZNKSt10unique_ptrINSt7__cxx1118basic_stringstreamIcSt11char_traitsIcESaIcEEESt14default_deleteIS5_EEdeEv
FN:421,_ZNKSt10unique_ptrINSt7__cxx1118basic_stringstreamIcSt11char_traitsIcESaIcEEESt14default_deleteIS5_EE3getEv
FNDA:0,_ZNKSt10unique_ptrINSt7__cxx1118basic_stringstreamIcSt11char_traitsIcESaIcEEESt14default_deleteIS5_EE3getEv
FN:426,_ZNSt10unique_ptrINSt7__cxx1118basic_stringstreamIcSt11char_traitsIcESaIcEEESt14default_deleteIS5_EE11get_deleterEv
FNDA:0,_ZNSt10unique_ptrINSt7__cxx1118basic_stringstreamIcSt11char_traitsIcESaIcEEESt14default_deleteIS5_EE11get_deleterEv
DA:79,0
DA:85,0
DA:86,0
DA:172,0
DA:173,0
DA:174,0
DA:355,0
DA:359,0
DA:360,0
DA:361,0
DA:362,0
DA:363,0
DA:405,0
DA:407,0
DA:408,0
DA:421,0
DA:422,0
DA:426,0
DA:427,0
end_of_record
SF:/usr/include/c++/11/ext/alloc_traits.h
FN:97,_ZN9__gnu_cxx14__alloc_traitsISaIcEcE17_S_select_on_copyERKS1_
FNDA:0,_ZN9__gnu_cxx14__alloc_traitsISaIcEcE17_S_select_on_copyERKS1_
DA:97,0
DA:98,0
end_of_record
SF:/usr/include/c++/11/iostream
end_of_record
SF:/usr/include/c++/11/bits/basic_string.tcc
FN:206,_ZNSt7__cxx1112basic_stringIcSt11char_traitsIcESaIcEE12_M_constructIPcEEvT_S7_St20forward_iterator_tag
FNDA:0,_ZNSt7__cxx1112basic_stringIcSt11char_traitsIcESaIcEE12_M_constructIPcEEvT_S7_St20forward_iterator_tag
FN:206,_ZNSt7__cxx1112basic_stringIcSt11char_traitsIcESaIcEE12_M_constructIPKcEEvT_S8_St20forward_iterator_tag
FNDA:0,_ZNSt7__cxx1112basic_stringIcSt11char_traitsIcESaIcEE12_M_constructIPKcEEvT_S8_St20forward_iterator_tag
DA:206,0
DA:211,0
DA:212,0
DA:215,0
DA:217,0
DA:219,0
DA:220,0
DA:225,0
DA:226,0
DA:228,0
DA:229,0
DA:232,0
DA:233,0
DA:206,0
DA:211,0
DA:212,0
DA:215,0
DA:217,0
DA:219,0
DA:220,0
DA:225,0
DA:226,0
DA:228,0
DA:229,0
DA:232,0
DA:233,0
end_of_record
SF:/usr/include/c++/11/bits/allocator.h
FN:204,_ZSteqRKSaIcES1_
FNDA:0,_ZSteqRKSaIcES1_
DA:204,0
DA:205,0
end_of_record
SF:/home/jlaustill/repo/sea-dash/.pio/libdeps/latest_stable/googletest/googletest/include/gtest/internal/gtest-port.h
FN:2069,_ZN7testing8internal5posix4StatEPKcP4stat
FNDA:0,_ZN7testing8internal5posix4StatEPKcP4stat
FN:2076,_ZN7testing8internal5posix5IsDirERK4stat
FNDA:0,_ZN7testing8internal5posix5IsDirERK4stat
DA:2069,0
DA:2076,0
end_of_record
SF:/usr/include/c++/11/bits/move.h
FN:104,_ZSt4moveIRPNSt7__cxx1118basic_stringstreamIcSt11char_traitsIcESaIcEEEEONSt16remove_referenceIT_E4typeEOS9_
FNDA:0,_ZSt4moveIRPNSt7__cxx1118basic_stringstreamIcSt11char_traitsIcESaIcEEEEONSt16remove_referenceIT_E4typeEOS9_
FN:104,_ZSt4moveIRSaIcEEONSt16remove_referenceIT_E4typeEOS3_
FNDA:0,_ZSt4moveIRSaIcEEONSt16remove_referenceIT_E4typeEOS3_
FN:104,_ZSt4moveIRNSt7__cxx1112basic_stringIcSt11char_traitsIcESaIcEEEEONSt16remove_referenceIT_E4typeEOS8_
FNDA:0,_ZSt4moveIRNSt7__cxx1112basic_stringIcSt11char_traitsIcESaIcEEEEONSt16remove_referenceIT_E4typeEOS8_
DA:104,0
DA:105,0
DA:104,0
DA:105,0
DA:104,0
DA:105,0
end_of_record
SF:/usr/include/c++/11/bits/stl_iterator.h
FN:1027,_ZN9__gnu_cxx17__normal_iteratorIPcNSt7__cxx1112basic_stringIcSt11char_traitsIcESaIcEEEEC2ERKS1_
FNDA:29,_ZN9__gnu_cxx17__normal_iteratorIPcNSt7__cxx1112basic_stringIcSt11char_traitsIcESaIcEEEEC2ERKS1_
FN:1033,_ZN9__gnu_cxx17__normal_iteratorIPKcNSt7__cxx1112basic_stringIcSt11char_traitsIcESaIcEEEEC2IPcEERKNS0_IT_NS_11__enable_ifIXsrSt10__are_sameISC_SB_E7__valueES8_E6__typeEEE
FNDA:2,_ZN9__gnu_cxx17__normal_iteratorIPKcNSt7__cxx1112basic_stringIcSt11char_traitsIcESaIcEEEEC2IPcEERKNS0_IT_NS_11__enable_ifIXsrSt10__are_sameISC_SB_E7__valueES8_E6__typeEEE
FN:1042,_ZNK9__gnu_cxx17__normal_iteratorIPKcNSt7__cxx1112basic_stringIcSt11char_traitsIcESaIcEEEEdeEv
FNDA:0,_ZNK9__gnu_cxx17__normal_iteratorIPKcNSt7__cxx1112basic_stringIcSt11char_traitsIcESaIcEEEEdeEv
FN:1042,_ZNK9__gnu_cxx17__normal_iteratorIPcNSt7__cxx1112basic_stringIcSt11char_traitsIcESaIcEEEEdeEv
FNDA:32,_ZNK9__gnu_cxx17__normal_iteratorIPcNSt7__cxx1112basic_stringIcSt11char_traitsIcESaIcEEEEdeEv
FN:1052,_ZN9__gnu_cxx17__normal_iteratorIPKcNSt7__cxx1112basic_stringIcSt11char_traitsIcESaIcEEEEppEv
FNDA:0,_ZN9__gnu_cxx17__normal_iteratorIPKcNSt7__cxx1112basic_stringIcSt11char_traitsIcESaIcEEEEppEv
FN:1060,_ZN9__gnu_cxx17__normal_iteratorIPcNSt7__cxx1112basic_stringIcSt11char_traitsIcESaIcEEEEppEi
FNDA:29,_ZN9__gnu_cxx17__normal_iteratorIPcNSt7__cxx1112basic_stringIcSt11char_traitsIcESaIcEEEEppEi
FN:1085,_ZN9__gnu_cxx17__normal_iteratorIPcNSt7__cxx1112basic_stringIcSt11char_traitsIcESaIcEEEEpLEl
FNDA:3,_ZN9__gnu_cxx17__normal_iteratorIPcNSt7__cxx1112basic_stringIcSt11char_traitsIcESaIcEEEEpLEl
FN:1105,_ZNK9__gnu_cxx17__normal_iteratorIPKcNSt7__cxx1112basic_stringIcSt11char_traitsIcESaIcEEEE4baseEv
FNDA:0,_ZNK9__gnu_cxx17__normal_iteratorIPKcNSt7__cxx1112basic_stringIcSt11char_traitsIcESaIcEEEE4baseEv
FN:1105,_ZNK9__gnu_cxx17__normal_iteratorIPcNSt7__cxx1112basic_stringIcSt11char_traitsIcESaIcEEEE4baseEv
FNDA:40,_ZNK9__gnu_cxx17__normal_iteratorIPcNSt7__cxx1112basic_stringIcSt11char_traitsIcESaIcEEEE4baseEv
FN:1163,_ZN9__gnu_cxxeqIPcNSt7__cxx1112basic_stringIcSt11char_traitsIcESaIcEEEEEbRKNS_17__normal_iteratorIT_T0_EESD_
FNDA:4,_ZN9__gnu_cxxeqIPcNSt7__cxx1112basic_stringIcSt11char_traitsIcESaIcEEEEEbRKNS_17__normal_iteratorIT_T0_EESD_
FN:1171,_ZN9__gnu_cxxneIPKcPcNSt7__cxx1112basic_stringIcSt11char_traitsIcESaIcEEEEEbRKNS_17__normal_iteratorIT_T1_EERKNSA_IT0_SC_EE
FNDA:30,_ZN9__gnu_cxxneIPKcPcNSt7__cxx1112basic_stringIcSt11char_traitsIcESaIcEEEEEbRKNS_17__normal_iteratorIT_T1_EERKNSA_IT0_SC_EE
FN:1179,_ZN9__gnu_cxxneIPKcNSt7__cxx1112basic_stringIcSt11char_traitsIcESaIcEEEEEbRKNS_17__normal_iteratorIT_T0_EESE_
FNDA:0,_ZN9__gnu_cxxneIPKcNSt7__cxx1112basic_stringIcSt11char_traitsIcESaIcEEEEEbRKNS_17__normal_iteratorIT_T0_EESE_
FN:1268,_ZN9__gnu_cxxmiIPKcNSt7__cxx1112basic_stringIcSt11char_traitsIcESaIcEEEEENS_17__normal_iteratorIT_T0_E15difference_typeERKSC_SF_
FNDA:0,_ZN9__gnu_cxxmiIPKcNSt7__cxx1112basic_stringIcSt11char_traitsIcESaIcEEEEENS_17__normal_iteratorIT_T0_E15difference_typeERKSC_SF_
DA:1027,29
DA:1028,29
DA:1033,2
DA:1037,2
DA:1042,0
DA:1043,0
DA:1042,32
DA:1043,32
DA:1052,0
DA:1054,0
DA:1055,0
DA:1060,29
DA:1061,29
DA:1085,3
DA:1086,3
DA:1105,0
DA:1106,0
DA:1105,40
DA:1106,40
DA:1163,4
DA:1166,4
DA:1171,30
DA:1174,30
DA:1179,0
DA:1182,0
DA:1268,0
DA:1271,0
end_of_record
SF:/usr/include/c++/11/bits/char_traits.h
FN:393,_ZNSt11char_traitsIcE6lengthEPKc
FNDA:0,_ZNSt11char_traitsIcE6lengthEPKc
FN:429,_ZNSt11char_traitsIcE4copyEPcPKcm
FNDA:0,_ZNSt11char_traitsIcE4copyEPcPKcm
DA:393,0
DA:399,0
DA:429,0
DA:431,0
DA:432,0
DA:437,0
end_of_record
SF:/usr/include/c++/11/bits/stl_iterator_base_types.h
FN:238,_ZSt19__iterator_categoryIPcENSt15iterator_traitsIT_E17iterator_categoryERKS2_
FNDA:0,_ZSt19__iterator_categoryIPcENSt15iterator_traitsIT_E17iterator_categoryERKS2_
FN:238,_ZSt19__iterator_categoryIPKcENSt15iterator_traitsIT_E17iterator_categoryERKS3_
FNDA:0,_ZSt19__iterator_categoryIPKcENSt15iterator_traitsIT_E17iterator_categoryERKS3_
FN:238,_ZSt19__iterator_categoryIN9__gnu_cxx17__normal_iteratorIPcNSt7__cxx1112basic_stringIcSt11char_traitsIcESaIcEEEEEENSt15iterator_traitsIT_E17iterator_categoryERKSB_
FNDA:3,_ZSt19__iterator_categoryIN9__gnu_cxx17__normal_iteratorIPcNSt7__cxx1112basic_stringIcSt11char_traitsIcESaIcEEEEEENSt15iterator_traitsIT_E17iterator_categoryERKSB_
DA:238,0
DA:239,0
DA:238,0
DA:239,0
DA:238,3
DA:239,3
end_of_record
SF:/home/jlaustill/repo/sea-dash/.pio/libdeps/latest_stable/googletest/googletest/src/gtest-filepath.cc
FN:92,_ZN7testing8internalL15IsPathSeparatorEc
FNDA:29,_ZN7testing8internalL15IsPathSeparatorEc
FN:101,_ZN7testing8internal8FilePath13GetCurrentDirEv
FNDA:1,_ZN7testing8internal8FilePath13GetCurrentDirEv
FN:130,_ZNK7testing8internal8FilePath15RemoveExtensionEPKc
FNDA:0,_ZNK7testing8internal8FilePath15RemoveExtensionEPKc
FN:142,_ZNK7testing8internal8FilePath21FindLastPathSeparatorEv
FNDA:0,_ZNK7testing8internal8FilePath21FindLastPathSeparatorEv
FN:155,_ZNK7testing8internal8FilePath19CalculateRootLengthEv
FNDA:0,_ZNK7testing8internal8FilePath19CalculateRootLengthEv
FN:199,_ZNK7testing8internal8FilePath19RemoveDirectoryNameEv
FNDA:0,_ZNK7testing8internal8FilePath19RemoveDirectoryNameEv
FN:210,_ZNK7testing8internal8FilePath14RemoveFileNameEv
FNDA:0,_ZNK7testing8internal8FilePath14RemoveFileNameEv
FN:227,_ZN7testing8internal8FilePath12MakeFileNameERKS1_S3_iPKc
FNDA:0,_ZN7testing8internal8FilePath12MakeFileNameERKS1_S3_iPKc
FN:242,_ZN7testing8internal8FilePath11ConcatPathsERKS1_S3_
FNDA:0,_ZN7testing8internal8FilePath11ConcatPathsERKS1_S3_
FN:251,_ZNK7testing8internal8FilePath21FileOrDirectoryExistsEv
FNDA:0,_ZNK7testing8internal8FilePath21FileOrDirectoryExistsEv
FN:265,_ZNK7testing8internal8FilePath15DirectoryExistsEv
FNDA:0,_ZNK7testing8internal8FilePath15DirectoryExistsEv
FN:295,_ZNK7testing8internal8FilePath15IsRootDirectoryEv
FNDA:0,_ZNK7testing8internal8FilePath15IsRootDirectoryEv
FN:302,_ZNK7testing8internal8FilePath14IsAbsolutePathEv
FNDA:0,_ZNK7testing8internal8FilePath14IsAbsolutePathEv
FN:312,_ZN7testing8internal8FilePath22GenerateUniqueFileNameERKS1_S3_PKc
FNDA:0,_ZN7testing8internal8FilePath22GenerateUniqueFileNameERKS1_S3_PKc
FN:326,_ZNK7testing8internal8FilePath11IsDirectoryEv
FNDA:0,_ZNK7testing8internal8FilePath11IsDirectoryEv
FN:334,_ZNK7testing8internal8FilePath28CreateDirectoriesRecursivelyEv
FNDA:0,_ZNK7testing8internal8FilePath28CreateDirectoriesRecursivelyEv
FN:351,_ZNK7testing8internal8FilePath12CreateFolderEv
FNDA:0,_ZNK7testing8internal8FilePath12CreateFolderEv
FN:377,_ZNK7testing8internal8FilePath27RemoveTrailingPathSeparatorEv
FNDA:0,_ZNK7testing8internal8FilePath27RemoveTrailingPathSeparatorEv
FN:386,_ZN7testing8internal8FilePath9NormalizeEv
FNDA:1,_ZN7testing8internal8FilePath9NormalizeEv
DA:92,29
DA:96,29
DA:101,1
DA:114,1
DA:115,1
DA:122,1
DA:130,0
DA:131,0
DA:132,0
DA:134,0
DA:136,0
DA:137,0
DA:142,0
DA:143,0
DA:152,0
DA:155,0
DA:156,0
DA:157,0
DA:158,0
DA:186,0
DA:187,0
DA:190,0
DA:199,0
DA:200,0
DA:201,0
DA:210,0
DA:211,0
DA:212,0
DA:213,0
DA:214,0
DA:216,0
DA:218,0
DA:219,0
DA:227,0
DA:230,0
DA:231,0
DA:232,0
DA:235,0
DA:237,0
DA:238,0
DA:242,0
DA:244,0
DA:245,0
DA:246,0
DA:247,0
DA:251,0
DA:258,0
DA:259,0
DA:265,0
DA:266,0
DA:273,0
DA:285,0
DA:286,0
DA:287,0
DA:290,0
DA:295,0
DA:296,0
DA:297,0
DA:298,0
DA:302,0
DA:312,0
DA:315,0
DA:316,0
DA:318,0
DA:319,0
DA:320,0
DA:321,0
DA:326,0
DA:327,0
DA:328,0
DA:334,0
DA:335,0
DA:336,0
DA:339,0
DA:340,0
DA:343,0
DA:344,0
DA:345,0
DA:351,0
DA:365,0
DA:368,0
DA:369,0
DA:371,0
DA:377,0
DA:378,0
DA:379,0
DA:386,1
DA:387,1
DA:389,1
DA:398,30
DA:399,29
DA:400,29
DA:401,25
DA:402,4
DA:403,4
DA:405,29
DA:408,1
DA:409,1
end_of_record
SF:/usr/include/c++/11/bits/basic_string.h
FN:251,_ZNSt7__cxx1112basic_stringIcSt11char_traitsIcESaIcEE16_M_construct_auxIPcEEvT_S7_St12__false_type
FNDA:0,_ZNSt7__cxx1112basic_stringIcSt11char_traitsIcESaIcEE16_M_construct_auxIPcEEvT_S7_St12__false_type
FN:251,_ZNSt7__cxx1112basic_stringIcSt11char_traitsIcESaIcEE16_M_construct_auxIPKcEEvT_S8_St12__false_type
FNDA:0,_ZNSt7__cxx1112basic_stringIcSt11char_traitsIcESaIcEE16_M_construct_auxIPKcEEvT_S8_St12__false_type
FN:271,_ZNSt7__cxx1112basic_stringIcSt11char_traitsIcESaIcEE12_M_constructIPcEEvT_S7_
FNDA:0,_ZNSt7__cxx1112basic_stringIcSt11char_traitsIcESaIcEE12_M_constructIPcEEvT_S7_
FN:271,_ZNSt7__cxx1112basic_stringIcSt11char_traitsIcESaIcEE12_M_constructIPKcEEvT_S8_
FNDA:0,_ZNSt7__cxx1112basic_stringIcSt11char_traitsIcESaIcEE12_M_constructIPKcEEvT_S8_
FN:6132,_ZStplIcSt11char_traitsIcESaIcEENSt7__cxx1112basic_stringIT_T0_T1_EERKS8_PKS5_
FNDA:0,_ZStplIcSt11char_traitsIcESaIcEENSt7__cxx1112basic_stringIT_T0_T1_EERKS8_PKS5_
FN:6148,_ZStplIcSt11char_traitsIcESaIcEENSt7__cxx1112basic_stringIT_T0_T1_EERKS8_S5_
FNDA:0,_ZStplIcSt11char_traitsIcESaIcEENSt7__cxx1112basic_stringIT_T0_T1_EERKS8_S5_
FN:6160,_ZStplIcSt11char_traitsIcESaIcEENSt7__cxx1112basic_stringIT_T0_T1_EEOS8_RKS8_
FNDA:0,_ZStplIcSt11char_traitsIcESaIcEENSt7__cxx1112basic_stringIT_T0_T1_EEOS8_RKS8_
FN:6172,_ZStplIcSt11char_traitsIcESaIcEENSt7__cxx1112basic_stringIT_T0_T1_EEOS8_S9_
FNDA:0,_ZStplIcSt11char_traitsIcESaIcEENSt7__cxx1112basic_stringIT_T0_T1_EEOS8_S9_
FN:6206,_ZStplIcSt11char_traitsIcESaIcEENSt7__cxx1112basic_stringIT_T0_T1_EEOS8_PKS5_
FNDA:0,_ZStplIcSt11char_traitsIcESaIcEENSt7__cxx1112basic_stringIT_T0_T1_EEOS8_PKS5_
DA:251,0
DA:255,0
DA:256,0
DA:251,0
DA:255,0
DA:256,0
DA:271,0
DA:274,0
DA:275,0
DA:271,0
DA:274,0
DA:275,0
DA:6132,0
DA:6135,0
DA:6136,0
DA:6137,0
DA:6138,0
DA:6148,0
DA:6152,0
DA:6153,0
DA:6154,0
DA:6155,0
DA:6160,0
DA:6162,0
DA:6172,0
DA:6177,0
DA:6178,0
DA:6179,0
DA:6180,0
DA:6181,0
DA:6182,0
DA:6185,0
DA:6186,0
DA:6187,0
DA:6189,0
DA:6206,0
DA:6208,0
end_of_record
SF:/home/jlaustill/repo/sea-dash/.pio/libdeps/latest_stable/googletest/googletest/include/gtest/gtest-message.h
FN:132,_ZN7testing7MessagelsIiEERS0_RKT_
FNDA:0,_ZN7testing7MessagelsIiEERS0_RKT_
FN:242,_ZN7testing8internal18StreamableToStringIiEENSt7__cxx1112basic_stringIcSt11char_traitsIcESaIcEEERKT_
FNDA:0,_ZN7testing8internal18StreamableToStringIiEENSt7__cxx1112basic_stringIcSt11char_traitsIcESaIcEEERKT_
DA:132,0
DA:148,0
DA:149,0
DA:242,0
DA:243,0
end_of_record
TN:
SF:/usr/include/c++/11/initializer_list
FN:71,_ZNKSt16initializer_listIPKcE4sizeEv
FNDA:0,_ZNKSt16initializer_listIPKcE4sizeEv
FN:75,_ZNKSt16initializer_listIPKcE5beginEv
FNDA:0,_ZNKSt16initializer_listIPKcE5beginEv
FN:79,_ZNKSt16initializer_listIPKcE3endEv
FNDA:0,_ZNKSt16initializer_listIPKcE3endEv
DA:71,0
DA:75,0
DA:79,0
end_of_record
SF:/home/jlaustill/repo/sea-dash/.pio/libdeps/latest_stable/googletest/googletest/include/gtest/internal/gtest-internal.h
FN:293,_ZN7testing8internal13FloatingPointIfEC2ERKf
FNDA:0,_ZN7testing8internal13FloatingPointIfEC2ERKf
FN:293,_ZN7testing8internal13FloatingPointIdEC2ERKd
FNDA:0,_ZN7testing8internal13FloatingPointIdEC2ERKd
FN:315,_ZNK7testing8internal13FloatingPointIdE13exponent_bitsEv
FNDA:0,_ZNK7testing8internal13FloatingPointIdE13exponent_bitsEv
FN:315,_ZNK7testing8internal13FloatingPointIfE13exponent_bitsEv
FNDA:0,_ZNK7testing8internal13FloatingPointIfE13exponent_bitsEv
FN:318,_ZNK7testing8internal13FloatingPointIdE13fraction_bitsEv
FNDA:0,_ZNK7testing8internal13FloatingPointIdE13fraction_bitsEv
FN:318,_ZNK7testing8internal13FloatingPointIfE13fraction_bitsEv
FNDA:0,_ZNK7testing8internal13FloatingPointIfE13fraction_bitsEv
FN:324,_ZNK7testing8internal13FloatingPointIdE6is_nanEv
FNDA:0,_ZNK7testing8internal13FloatingPointIdE6is_nanEv
FN:324,_ZNK7testing8internal13FloatingPointIfE6is_nanEv
FNDA:0,_ZNK7testing8internal13FloatingPointIfE6is_nanEv
FN:336,_ZNK7testing8internal13FloatingPointIfE12AlmostEqualsERKS2_
FNDA:0,_ZNK7testing8internal13FloatingPointIfE12AlmostEqualsERKS2_
FN:336,_ZNK7testing8internal13FloatingPointIdE12AlmostEqualsERKS2_
FNDA:0,_ZNK7testing8internal13FloatingPointIdE12AlmostEqualsERKS2_
FN:367,_ZN7testing8internal13FloatingPointIdE24SignAndMagnitudeToBiasedERKm
FNDA:0,_ZN7testing8internal13FloatingPointIdE24SignAndMagnitudeToBiasedERKm
FN:367,_ZN7testing8internal13FloatingPointIfE24SignAndMagnitudeToBiasedERKj
FNDA:0,_ZN7testing8internal13FloatingPointIfE24SignAndMagnitudeToBiasedERKj
FN:379,_ZN7testing8internal13FloatingPointIfE38DistanceBetweenSignAndMagnitudeNumbersERKjS4_
FNDA:0,_ZN7testing8internal13FloatingPointIfE38DistanceBetweenSignAndMagnitudeNumbersERKjS4_
FN:379,_ZN7testing8internal13FloatingPointIdE38DistanceBetweenSignAndMagnitudeNumbersERKmS4_
FNDA:0,_ZN7testing8internal13FloatingPointIdE38DistanceBetweenSignAndMagnitudeNumbersERKmS4_
FN:418,_ZN7testing8internal9GetTypeIdINS0_12_GLOBAL__N_111FailureTestEEEPKvv
FNDA:0,_ZN7testing8internal9GetTypeIdINS0_12_GLOBAL__N_111FailureTestEEEPKvv
FN:418,_ZN7testing8internal9GetTypeIdINS_4TestEEEPKvv
FNDA:21,_ZN7testing8internal9GetTypeIdINS_4TestEEEPKvv
FN:437,_ZN7testing8internal15TestFactoryBaseD0Ev
FNDA:0,_ZN7testing8internal15TestFactoryBaseD0Ev
FN:437,_ZN7testing8internal15TestFactoryBaseD2Ev
FNDA:0,_ZN7testing8internal15TestFactoryBaseD2Ev
FN:444,_ZN7testing8internal15TestFactoryBaseC2Ev
FNDA:0,_ZN7testing8internal15TestFactoryBaseC2Ev
FN:477,_ZN7testing8internal12CodeLocationC2ENSt7__cxx1112basic_stringIcSt11char_traitsIcESaIcEEEi
FNDA:0,_ZN7testing8internal12CodeLocationC2ENSt7__cxx1112basic_stringIcSt11char_traitsIcESaIcEEEi
FN:490,_ZN7testing8internal19GetNotDefaultOrNullEPFvvES2_
FNDA:0,_ZN7testing8internal19GetNotDefaultOrNullEPFvvES2_
FN:505,_ZN7testing8internal16SuiteApiResolverINS0_12_GLOBAL__N_111FailureTestEE19GetSetUpCaseOrSuiteEPKci
FNDA:0,_ZN7testing8internal16SuiteApiResolverINS0_12_GLOBAL__N_111FailureTestEE19GetSetUpCaseOrSuiteEPKci
FN:526,_ZN7testing8internal16SuiteApiResolverINS0_12_GLOBAL__N_111FailureTestEE22GetTearDownCaseOrSuiteEPKci
FNDA:0,_ZN7testing8internal16SuiteApiResolverINS0_12_GLOBAL__N_111FailureTestEE22GetTearDownCaseOrSuiteEPKci
FN:853,_ZN7testing8internal6RandomC2Ej
FNDA:1,_ZN7testing8internal6RandomC2Ej
FN:855,_ZN7testing8internal6Random6ReseedEj
FNDA:0,_ZN7testing8internal6Random6ReseedEj
DA:293,0
DA:293,0
DA:315,0
DA:315,0
DA:318,0
DA:318,0
DA:324,0
DA:327,0
DA:324,0
DA:327,0
DA:336,0
DA:339,0
DA:341,0
DA:342,0
DA:336,0
DA:339,0
DA:341,0
DA:342,0
DA:367,0
DA:368,0
DA:370,0
DA:373,0
DA:367,0
DA:368,0
DA:370,0
DA:373,0
DA:379,0
DA:381,0
DA:382,0
DA:383,0
DA:379,0
DA:381,0
DA:382,0
DA:383,0
DA:418,0
DA:423,0
DA:418,21
DA:423,21
DA:437,0
DA:437,0
DA:444,0
DA:477,0
DA:478,0
DA:490,0
DA:492,0
DA:505,0
DA:509,0
DA:511,0
DA:513,0
DA:516,0
DA:518,0
DA:526,0
DA:530,0
DA:532,0
DA:534,0
DA:537,0
DA:539,0
DA:853,1
DA:855,0
end_of_record
SF:/usr/include/c++/11/ext/new_allocator.h
FN:79,_ZN9__gnu_cxx13new_allocatorIPN7testing17TestEventListenerEEC2Ev
FNDA:1,_ZN9__gnu_cxx13new_allocatorIPN7testing17TestEventListenerEEC2Ev
FN:79,_ZN9__gnu_cxx13new_allocatorINSt7__cxx1112basic_stringIcSt11char_traitsIcESaIcEEEEC2Ev
FNDA:0,_ZN9__gnu_cxx13new_allocatorINSt7__cxx1112basic_stringIcSt11char_traitsIcESaIcEEEEC2Ev
FN:79,_ZN9__gnu_cxx13new_allocatorINSt8__detail10_Hash_nodeINSt7__cxx1112basic_stringIcSt11char_traitsIcESaIcEEELb1EEEEC2Ev
FNDA:6,_ZN9__gnu_cxx13new_allocatorINSt8__detail10_Hash_nodeINSt7__cxx1112basic_stringIcSt11char_traitsIcESaIcEEELb1EEEEC2Ev
FN:79,_ZN9__gnu_cxx13new_allocatorImEC2Ev
FNDA:0,_ZN9__gnu_cxx13new_allocatorImEC2Ev
FN:79,_ZN9__gnu_cxx13new_allocatorISt13_Rb_tree_nodeISt4pairIKNSt7__cxx1112basic_stringIcSt11char_traitsIcESaIcEEEmEEEC2Ev
FNDA:0,_ZN9__gnu_cxx13new_allocatorISt13_Rb_tree_nodeISt4pairIKNSt7__cxx1112basic_stringIcSt11char_traitsIcESaIcEEEmEEEC2Ev
FN:79,_ZN9__gnu_cxx13new_allocatorISt10_List_nodeISt4pairIcPKcEEEC2Ev
FNDA:0,_ZN9__gnu_cxx13new_allocatorISt10_List_nodeISt4pairIcPKcEEEC2Ev
FN:79,_ZN9__gnu_cxx13new_allocatorIN7testing14TestPartResultEEC2Ev
FNDA:23,_ZN9__gnu_cxx13new_allocatorIN7testing14TestPartResultEEC2Ev
FN:79,_ZN9__gnu_cxx13new_allocatorIN7testing12TestPropertyEEC2Ev
FNDA:23,_ZN9__gnu_cxx13new_allocatorIN7testing12TestPropertyEEC2Ev
FN:79,_ZN9__gnu_cxx13new_allocatorIPN7testing8TestInfoEEC2Ev
FNDA:2,_ZN9__gnu_cxx13new_allocatorIPN7testing8TestInfoEEC2Ev
FN:79,_ZN9__gnu_cxx13new_allocatorIiEC2Ev
FNDA:3,_ZN9__gnu_cxx13new_allocatorIiEC2Ev
FN:79,_ZN9__gnu_cxx13new_allocatorIN7testing8internal9TraceInfoEEC2Ev
FNDA:0,_ZN9__gnu_cxx13new_allocatorIN7testing8internal9TraceInfoEEC2Ev
FN:79,_ZN9__gnu_cxx13new_allocatorIPN7testing11EnvironmentEEC2Ev
FNDA:1,_ZN9__gnu_cxx13new_allocatorIPN7testing11EnvironmentEEC2Ev
FN:79,_ZN9__gnu_cxx13new_allocatorIPN7testing9TestSuiteEEC2Ev
FNDA:1,_ZN9__gnu_cxx13new_allocatorIPN7testing9TestSuiteEEC2Ev
FN:79,_ZN9__gnu_cxx13new_allocatorINSt8__detail10_Hash_nodeISt4pairIKNSt7__cxx1112basic_stringIcSt11char_traitsIcESaIcEEEPN7testing9TestSuiteEELb1EEEEC2Ev
FNDA:1,_ZN9__gnu_cxx13new_allocatorINSt8__detail10_Hash_nodeISt4pairIKNSt7__cxx1112basic_stringIcSt11char_traitsIcESaIcEEEPN7testing9TestSuiteEELb1EEEEC2Ev
FN:79,_ZN9__gnu_cxx13new_allocatorIPN7testing8internal30ParameterizedTestSuiteInfoBaseEEC2Ev
FNDA:1,_ZN9__gnu_cxx13new_allocatorIPN7testing8internal30ParameterizedTestSuiteInfoBaseEEC2Ev
FN:79,_ZN9__gnu_cxx13new_allocatorINSt8__detail10_Hash_nodeISt4pairIKNSt7__cxx1112basic_stringIcSt11char_traitsIcESaIcEEEmELb1EEEEC2Ev
FNDA:1,_ZN9__gnu_cxx13new_allocatorINSt8__detail10_Hash_nodeISt4pairIKNSt7__cxx1112basic_stringIcSt11char_traitsIcESaIcEEEmELb1EEEEC2Ev
FN:79,_ZN9__gnu_cxx13new_allocatorISt13_Rb_tree_nodeISt4pairIKNSt7__cxx1112basic_stringIcSt11char_traitsIcESaIcEEEN7testing8internal34TypeParameterizedTestSuiteRegistry30TypeParameterizedTestSuiteInfoEEEEC2Ev
FNDA:1,_ZN9__gnu_cxx13new_allocatorISt13_Rb_tree_nodeISt4pairIKNSt7__cxx1112basic_stringIcSt11char_traitsIcESaIcEEEN7testing8internal34TypeParameterizedTestSuiteRegistry30TypeParameterizedTestSuiteInfoEEEEC2Ev
FN:79,_ZN9__gnu_cxx13new_allocatorISt13_Rb_tree_nodeINSt7__cxx1112basic_stringIcSt11char_traitsIcESaIcEEEEEC2Ev
FNDA:1,_ZN9__gnu_cxx13new_allocatorISt13_Rb_tree_nodeINSt7__cxx1112basic_stringIcSt11char_traitsIcESaIcEEEEEC2Ev
FN:79,_ZN9__gnu_cxx13new_allocatorIPNSt8__detail15_Hash_node_baseEEC2Ev
FNDA:2,_ZN9__gnu_cxx13new_allocatorIPNSt8__detail15_Hash_node_baseEEC2Ev
FN:79,_ZN9__gnu_cxx13new_allocatorIN7testing8internal13edit_distance8EditTypeEEC2Ev
FNDA:0,_ZN9__gnu_cxx13new_allocatorIN7testing8internal13edit_distance8EditTypeEEC2Ev
FN:79,_ZN9__gnu_cxx13new_allocatorIcEC2Ev
FNDA:0,_ZN9__gnu_cxx13new_allocatorIcEC2Ev
FN:79,_ZN9__gnu_cxx13new_allocatorISt6vectorIN7testing8internal13edit_distance8EditTypeESaIS5_EEEC2Ev
FNDA:0,_ZN9__gnu_cxx13new_allocatorISt6vectorIN7testing8internal13edit_distance8EditTypeESaIS5_EEEC2Ev
FN:79,_ZN9__gnu_cxx13new_allocatorIwEC2Ev
FNDA:0,_ZN9__gnu_cxx13new_allocatorIwEC2Ev
FN:79,_ZN9__gnu_cxx13new_allocatorISt6vectorIdSaIdEEEC2Ev
FNDA:0,_ZN9__gnu_cxx13new_allocatorISt6vectorIdSaIdEEEC2Ev
FN:79,_ZN9__gnu_cxx13new_allocatorIdEC2Ev
FNDA:0,_ZN9__gnu_cxx13new_allocatorIdEC2Ev
FN:82,_ZN9__gnu_cxx13new_allocatorISt6vectorIN7testing8internal13edit_distance8EditTypeESaIS5_EEEC2ERKS8_
FNDA:0,_ZN9__gnu_cxx13new_allocatorISt6vectorIN7testing8internal13edit_distance8EditTypeESaIS5_EEEC2ERKS8_
FN:82,_ZN9__gnu_cxx13new_allocatorISt6vectorIdSaIdEEEC2ERKS4_
FNDA:0,_ZN9__gnu_cxx13new_allocatorISt6vectorIdSaIdEEEC2ERKS4_
FN:82,_ZN9__gnu_cxx13new_allocatorIdEC2ERKS1_
FNDA:0,_ZN9__gnu_cxx13new_allocatorIdEC2ERKS1_
FN:82,_ZN9__gnu_cxx13new_allocatorIcEC2ERKS1_
FNDA:0,_ZN9__gnu_cxx13new_allocatorIcEC2ERKS1_
FN:82,_ZN9__gnu_cxx13new_allocatorIN7testing8internal13edit_distance8EditTypeEEC2ERKS5_
FNDA:0,_ZN9__gnu_cxx13new_allocatorIN7testing8internal13edit_distance8EditTypeEEC2ERKS5_
FN:82,_ZN9__gnu_cxx13new_allocatorINSt7__cxx1112basic_stringIcSt11char_traitsIcESaIcEEEEC2ERKS7_
FNDA:0,_ZN9__gnu_cxx13new_allocatorINSt7__cxx1112basic_stringIcSt11char_traitsIcESaIcEEEEC2ERKS7_
FN:89,_ZN9__gnu_cxx13new_allocatorINSt7__cxx1112basic_stringIcSt11char_traitsIcESaIcEEEED2Ev
FNDA:0,_ZN9__gnu_cxx13new_allocatorINSt7__cxx1112basic_stringIcSt11char_traitsIcESaIcEEEED2Ev
FN:89,_ZN9__gnu_cxx13new_allocatorISt6vectorIdSaIdEEED2Ev
FNDA:0,_ZN9__gnu_cxx13new_allocatorISt6vectorIdSaIdEEED2Ev
FN:89,_ZN9__gnu_cxx13new_allocatorIdED2Ev
FNDA:0,_ZN9__gnu_cxx13new_allocatorIdED2Ev
FN:89,_ZN9__gnu_cxx13new_allocatorINSt8__detail10_Hash_nodeINSt7__cxx1112basic_stringIcSt11char_traitsIcESaIcEEELb1EEEED2Ev
FNDA:6,_ZN9__gnu_cxx13new_allocatorINSt8__detail10_Hash_nodeINSt7__cxx1112basic_stringIcSt11char_traitsIcESaIcEEELb1EEEED2Ev
FN:89,_ZN9__gnu_cxx13new_allocatorIN7testing8internal9TraceInfoEED2Ev
FNDA:0,_ZN9__gnu_cxx13new_allocatorIN7testing8internal9TraceInfoEED2Ev
FN:89,_ZN9__gnu_cxx13new_allocatorIwED2Ev
FNDA:0,_ZN9__gnu_cxx13new_allocatorIwED2Ev
FN:89,_ZN9__gnu_cxx13new_allocatorIcED2Ev
FNDA:0,_ZN9__gnu_cxx13new_allocatorIcED2Ev
FN:89,_ZN9__gnu_cxx13new_allocatorIN7testing14TestPartResultEED2Ev
FNDA:23,_ZN9__gnu_cxx13new_allocatorIN7testing14TestPartResultEED2Ev
FN:89,_ZN9__gnu_cxx13new_allocatorIN7testing8internal13edit_distance8EditTypeEED2Ev
FNDA:0,_ZN9__gnu_cxx13new_allocatorIN7testing8internal13edit_distance8EditTypeEED2Ev
FN:89,_ZN9__gnu_cxx13new_allocatorISt6vectorIN7testing8internal13edit_distance8EditTypeESaIS5_EEED2Ev
FNDA:0,_ZN9__gnu_cxx13new_allocatorISt6vectorIN7testing8internal13edit_distance8EditTypeESaIS5_EEED2Ev
FN:89,_ZN9__gnu_cxx13new_allocatorImED2Ev
FNDA:0,_ZN9__gnu_cxx13new_allocatorImED2Ev
FN:89,_ZN9__gnu_cxx13new_allocatorISt13_Rb_tree_nodeISt4pairIKNSt7__cxx1112basic_stringIcSt11char_traitsIcESaIcEEEmEEED2Ev
FNDA:0,_ZN9__gnu_cxx13new_allocatorISt13_Rb_tree_nodeISt4pairIKNSt7__cxx1112basic_stringIcSt11char_traitsIcESaIcEEEmEEED2Ev
FN:89,_ZN9__gnu_cxx13new_allocatorISt10_List_nodeISt4pairIcPKcEEED2Ev
FNDA:0,_ZN9__gnu_cxx13new_allocatorISt10_List_nodeISt4pairIcPKcEEED2Ev
FN:89,_ZN9__gnu_cxx13new_allocatorISt13_Rb_tree_nodeINSt7__cxx1112basic_stringIcSt11char_traitsIcESaIcEEEEED2Ev
FNDA:1,_ZN9__gnu_cxx13new_allocatorISt13_Rb_tree_nodeINSt7__cxx1112basic_stringIcSt11char_traitsIcESaIcEEEEED2Ev
FN:89,_ZN9__gnu_cxx13new_allocatorISt13_Rb_tree_nodeISt4pairIKNSt7__cxx1112basic_stringIcSt11char_traitsIcESaIcEEEN7testing8internal34TypeParameterizedTestSuiteRegistry30TypeParameterizedTestSuiteInfoEEEED2Ev
FNDA:1,_ZN9__gnu_cxx13new_allocatorISt13_Rb_tree_nodeISt4pairIKNSt7__cxx1112basic_stringIcSt11char_traitsIcESaIcEEEN7testing8internal34TypeParameterizedTestSuiteRegistry30TypeParameterizedTestSuiteInfoEEEED2Ev
FN:89,_ZN9__gnu_cxx13new_allocatorINSt8__detail10_Hash_nodeISt4pairIKNSt7__cxx1112basic_stringIcSt11char_traitsIcESaIcEEEmELb1EEEED2Ev
FNDA:1,_ZN9__gnu_cxx13new_allocatorINSt8__detail10_Hash_nodeISt4pairIKNSt7__cxx1112basic_stringIcSt11char_traitsIcESaIcEEEmELb1EEEED2Ev
FN:89,_ZN9__gnu_cxx13new_allocatorIPN7testing8internal30ParameterizedTestSuiteInfoBaseEED2Ev
FNDA:1,_ZN9__gnu_cxx13new_allocatorIPN7testing8internal30ParameterizedTestSuiteInfoBaseEED2Ev
FN:89,_ZN9__gnu_cxx13new_allocatorINSt8__detail10_Hash_nodeISt4pairIKNSt7__cxx1112basic_stringIcSt11char_traitsIcESaIcEEEPN7testing9TestSuiteEELb1EEEED2Ev
FNDA:1,_ZN9__gnu_cxx13new_allocatorINSt8__detail10_Hash_nodeISt4pairIKNSt7__cxx1112basic_stringIcSt11char_traitsIcESaIcEEEPN7testing9TestSuiteEELb1EEEED2Ev
FN:89,_ZN9__gnu_cxx13new_allocatorIPN7testing9TestSuiteEED2Ev
FNDA:1,_ZN9__gnu_cxx13new_allocatorIPN7testing9TestSuiteEED2Ev
FN:89,_ZN9__gnu_cxx13new_allocatorIPN7testing11EnvironmentEED2Ev
FNDA:1,_ZN9__gnu_cxx13new_allocatorIPN7testing11EnvironmentEED2Ev
FN:89,_ZN9__gnu_cxx13new_allocatorIPN7testing17TestEventListenerEED2Ev
FNDA:1,_ZN9__gnu_cxx13new_allocatorIPN7testing17TestEventListenerEED2Ev
FN:89,_ZN9__gnu_cxx13new_allocatorIiED2Ev
FNDA:3,_ZN9__gnu_cxx13new_allocatorIiED2Ev
FN:89,_ZN9__gnu_cxx13new_allocatorIPN7testing8TestInfoEED2Ev
FNDA:2,_ZN9__gnu_cxx13new_allocatorIPN7testing8TestInfoEED2Ev
FN:89,_ZN9__gnu_cxx13new_allocatorIN7testing12TestPropertyEED2Ev
FNDA:23,_ZN9__gnu_cxx13new_allocatorIN7testing12TestPropertyEED2Ev
FN:89,_ZN9__gnu_cxx13new_allocatorIPNSt8__detail15_Hash_node_baseEED2Ev
FNDA:2,_ZN9__gnu_cxx13new_allocatorIPNSt8__detail15_Hash_node_baseEED2Ev
FN:103,_ZN9__gnu_cxx13new_allocatorISt6vectorIN7testing8internal13edit_distance8EditTypeESaIS5_EEE8allocateEmPKv
FNDA:0,_ZN9__gnu_cxx13new_allocatorISt6vectorIN7testing8internal13edit_distance8EditTypeESaIS5_EEE8allocateEmPKv
FN:103,_ZN9__gnu_cxx13new_allocatorINSt8__detail10_Hash_nodeISt4pairIKNSt7__cxx1112basic_stringIcSt11char_traitsIcESaIcEEEPN7testing9TestSuiteEELb1EEEE8allocateEmPKv
FNDA:2,_ZN9__gnu_cxx13new_allocatorINSt8__detail10_Hash_nodeISt4pairIKNSt7__cxx1112basic_stringIcSt11char_traitsIcESaIcEEEPN7testing9TestSuiteEELb1EEEE8allocateEmPKv
FN:103,_ZN9__gnu_cxx13new_allocatorIiE8allocateEmPKv
FNDA:11,_ZN9__gnu_cxx13new_allocatorIiE8allocateEmPKv
FN:103,_ZN9__gnu_cxx13new_allocatorISt10_List_nodeISt4pairIcPKcEEE8allocateEmPKv
FNDA:0,_ZN9__gnu_cxx13new_allocatorISt10_List_nodeISt4pairIcPKcEEE8allocateEmPKv
FN:103,_ZN9__gnu_cxx13new_allocatorIN7testing8internal13edit_distance8EditTypeEE8allocateEmPKv
FNDA:0,_ZN9__gnu_cxx13new_allocatorIN7testing8internal13edit_distance8EditTypeEE8allocateEmPKv
FN:103,_ZN9__gnu_cxx13new_allocatorISt13_Rb_tree_nodeISt4pairIKNSt7__cxx1112basic_stringIcSt11char_traitsIcESaIcEEEN7testing8internal34TypeParameterizedTestSuiteRegistry30TypeParameterizedTestSuiteInfoEEEE8allocateEmPKv
FNDA:0,_ZN9__gnu_cxx13new_allocatorISt13_Rb_tree_nodeISt4pairIKNSt7__cxx1112basic_stringIcSt11char_traitsIcESaIcEEEN7testing8internal34TypeParameterizedTestSuiteRegistry30TypeParameterizedTestSuiteInfoEEEE8allocateEmPKv
FN:103,_ZN9__gnu_cxx13new_allocatorImE8allocateEmPKv
FNDA:0,_ZN9__gnu_cxx13new_allocatorImE8allocateEmPKv
FN:103,_ZN9__gnu_cxx13new_allocatorISt13_Rb_tree_nodeINSt7__cxx1112basic_stringIcSt11char_traitsIcESaIcEEEEE8allocateEmPKv
FNDA:0,_ZN9__gnu_cxx13new_allocatorISt13_Rb_tree_nodeINSt7__cxx1112basic_stringIcSt11char_traitsIcESaIcEEEEE8allocateEmPKv
FN:103,_ZN9__gnu_cxx13new_allocatorINSt7__cxx1112basic_stringIcSt11char_traitsIcESaIcEEEE8allocateEmPKv
FNDA:0,_ZN9__gnu_cxx13new_allocatorINSt7__cxx1112basic_stringIcSt11char_traitsIcESaIcEEEE8allocateEmPKv
FN:103,_ZN9__gnu_cxx13new_allocatorIN7testing14TestPartResultEE8allocateEmPKv
FNDA:0,_ZN9__gnu_cxx13new_allocatorIN7testing14TestPartResultEE8allocateEmPKv
FN:103,_ZN9__gnu_cxx13new_allocatorIN7testing12TestPropertyEE8allocateEmPKv
FNDA:0,_ZN9__gnu_cxx13new_allocatorIN7testing12TestPropertyEE8allocateEmPKv
FN:103,_ZN9__gnu_cxx13new_allocatorIPN7testing8TestInfoEE8allocateEmPKv
FNDA:9,_ZN9__gnu_cxx13new_allocatorIPN7testing8TestInfoEE8allocateEmPKv
FN:103,_ZN9__gnu_cxx13new_allocatorISt13_Rb_tree_nodeISt4pairIKNSt7__cxx1112basic_stringIcSt11char_traitsIcESaIcEEEmEEE8allocateEmPKv
FNDA:0,_ZN9__gnu_cxx13new_allocatorISt13_Rb_tree_nodeISt4pairIKNSt7__cxx1112basic_stringIcSt11char_traitsIcESaIcEEEmEEE8allocateEmPKv
FN:103,_ZN9__gnu_cxx13new_allocatorIPN7testing17TestEventListenerEE8allocateEmPKv
FNDA:1,_ZN9__gnu_cxx13new_allocatorIPN7testing17TestEventListenerEE8allocateEmPKv
FN:103,_ZN9__gnu_cxx13new_allocatorIdE8allocateEmPKv
FNDA:0,_ZN9__gnu_cxx13new_allocatorIdE8allocateEmPKv
FN:103,_ZN9__gnu_cxx13new_allocatorIPN7testing11EnvironmentEE8allocateEmPKv
FNDA:0,_ZN9__gnu_cxx13new_allocatorIPN7testing11EnvironmentEE8allocateEmPKv
FN:103,_ZN9__gnu_cxx13new_allocatorIPNSt8__detail15_Hash_node_baseEE8allocateEmPKv
FNDA:1,_ZN9__gnu_cxx13new_allocatorIPNSt8__detail15_Hash_node_baseEE8allocateEmPKv
FN:103,_ZN9__gnu_cxx13new_allocatorIN7testing8internal9TraceInfoEE8allocateEmPKv
FNDA:0,_ZN9__gnu_cxx13new_allocatorIN7testing8internal9TraceInfoEE8allocateEmPKv
FN:103,_ZN9__gnu_cxx13new_allocatorISt6vectorIdSaIdEEE8allocateEmPKv
FNDA:0,_ZN9__gnu_cxx13new_allocatorISt6vectorIdSaIdEEE8allocateEmPKv
FN:103,_ZN9__gnu_cxx13new_allocatorINSt8__detail10_Hash_nodeINSt7__cxx1112basic_stringIcSt11char_traitsIcESaIcEEELb1EEEE8allocateEmPKv
FNDA:0,_ZN9__gnu_cxx13new_allocatorINSt8__detail10_Hash_nodeINSt7__cxx1112basic_stringIcSt11char_traitsIcESaIcEEELb1EEEE8allocateEmPKv
FN:103,_ZN9__gnu_cxx13new_allocatorIPN7testing9TestSuiteEE8allocateEmPKv
FNDA:2,_ZN9__gnu_cxx13new_allocatorIPN7testing9TestSuiteEE8allocateEmPKv
FN:132,_ZN9__gnu_cxx13new_allocatorIN7testing12TestPropertyEE10deallocateEPS2_m
FNDA:0,_ZN9__gnu_cxx13new_allocatorIN7testing12TestPropertyEE10deallocateEPS2_m
FN:132,_ZN9__gnu_cxx13new_allocatorIPN7testing11EnvironmentEE10deallocateEPS3_m
FNDA:0,_ZN9__gnu_cxx13new_allocatorIPN7testing11EnvironmentEE10deallocateEPS3_m
FN:132,_ZN9__gnu_cxx13new_allocatorIPNSt8__detail15_Hash_node_baseEE10deallocateEPS3_m
FNDA:1,_ZN9__gnu_cxx13new_allocatorIPNSt8__detail15_Hash_node_baseEE10deallocateEPS3_m
FN:132,_ZN9__gnu_cxx13new_allocatorINSt8__detail10_Hash_nodeINSt7__cxx1112basic_stringIcSt11char_traitsIcESaIcEEELb1EEEE10deallocateEPS9_m
FNDA:0,_ZN9__gnu_cxx13new_allocatorINSt8__detail10_Hash_nodeINSt7__cxx1112basic_stringIcSt11char_traitsIcESaIcEEELb1EEEE10deallocateEPS9_m
FN:132,_ZN9__gnu_cxx13new_allocatorIPN7testing8TestInfoEE10deallocateEPS3_m
FNDA:9,_ZN9__gnu_cxx13new_allocatorIPN7testing8TestInfoEE10deallocateEPS3_m
FN:132,_ZN9__gnu_cxx13new_allocatorIiE10deallocateEPim
FNDA:11,_ZN9__gnu_cxx13new_allocatorIiE10deallocateEPim
FN:132,_ZN9__gnu_cxx13new_allocatorIPN7testing17TestEventListenerEE10deallocateEPS3_m
FNDA:1,_ZN9__gnu_cxx13new_allocatorIPN7testing17TestEventListenerEE10deallocateEPS3_m
FN:132,_ZN9__gnu_cxx13new_allocatorISt13_Rb_tree_nodeISt4pairIKNSt7__cxx1112basic_stringIcSt11char_traitsIcESaIcEEEN7testing8internal34TypeParameterizedTestSuiteRegistry30TypeParameterizedTestSuiteInfoEEEE10deallocateEPSF_m
FNDA:0,_ZN9__gnu_cxx13new_allocatorISt13_Rb_tree_nodeISt4pairIKNSt7__cxx1112basic_stringIcSt11char_traitsIcESaIcEEEN7testing8internal34TypeParameterizedTestSuiteRegistry30TypeParameterizedTestSuiteInfoEEEE10deallocateEPSF_m
FN:132,_ZN9__gnu_cxx13new_allocatorIN7testing14TestPartResultEE10deallocateEPS2_m
FNDA:0,_ZN9__gnu_cxx13new_allocatorIN7testing14TestPartResultEE10deallocateEPS2_m
FN:132,_ZN9__gnu_cxx13new_allocatorINSt8__detail10_Hash_nodeISt4pairIKNSt7__cxx1112basic_stringIcSt11char_traitsIcESaIcEEEmELb1EEEE10deallocateEPSC_m
FNDA:0,_ZN9__gnu_cxx13new_allocatorINSt8__detail10_Hash_nodeISt4pairIKNSt7__cxx1112basic_stringIcSt11char_traitsIcESaIcEEEmELb1EEEE10deallocateEPSC_m
FN:132,_ZN9__gnu_cxx13new_allocatorISt13_Rb_tree_nodeINSt7__cxx1112basic_stringIcSt11char_traitsIcESaIcEEEEE10deallocateEPS8_m
FNDA:0,_ZN9__gnu_cxx13new_allocatorISt13_Rb_tree_nodeINSt7__cxx1112basic_stringIcSt11char_traitsIcESaIcEEEEE10deallocateEPS8_m
FN:132,_ZN9__gnu_cxx13new_allocatorImE10deallocateEPmm
FNDA:0,_ZN9__gnu_cxx13new_allocatorImE10deallocateEPmm
FN:132,_ZN9__gnu_cxx13new_allocatorIN7testing8internal13edit_distance8EditTypeEE10deallocateEPS4_m
FNDA:0,_ZN9__gnu_cxx13new_allocatorIN7testing8internal13edit_distance8EditTypeEE10deallocateEPS4_m
FN:132,_ZN9__gnu_cxx13new_allocatorISt13_Rb_tree_nodeISt4pairIKNSt7__cxx1112basic_stringIcSt11char_traitsIcESaIcEEEmEEE10deallocateEPSB_m
FNDA:0,_ZN9__gnu_cxx13new_allocatorISt13_Rb_tree_nodeISt4pairIKNSt7__cxx1112basic_stringIcSt11char_traitsIcESaIcEEEmEEE10deallocateEPSB_m
FN:132,_ZN9__gnu_cxx13new_allocatorINSt7__cxx1112basic_stringIcSt11char_traitsIcESaIcEEEE10deallocateEPS6_m
FNDA:0,_ZN9__gnu_cxx13new_allocatorINSt7__cxx1112basic_stringIcSt11char_traitsIcESaIcEEEE10deallocateEPS6_m
FN:132,_ZN9__gnu_cxx13new_allocatorIN7testing8internal9TraceInfoEE10deallocateEPS3_m
FNDA:0,_ZN9__gnu_cxx13new_allocatorIN7testing8internal9TraceInfoEE10deallocateEPS3_m
FN:132,_ZN9__gnu_cxx13new_allocatorIPN7testing8internal30ParameterizedTestSuiteInfoBaseEE10deallocateEPS4_m
FNDA:0,_ZN9__gnu_cxx13new_allocatorIPN7testing8internal30ParameterizedTestSuiteInfoBaseEE10deallocateEPS4_m
FN:132,_ZN9__gnu_cxx13new_allocatorISt10_List_nodeISt4pairIcPKcEEE10deallocateEPS6_m
FNDA:0,_ZN9__gnu_cxx13new_allocatorISt10_List_nodeISt4pairIcPKcEEE10deallocateEPS6_m
FN:132,_ZN9__gnu_cxx13new_allocatorINSt8__detail10_Hash_nodeISt4pairIKNSt7__cxx1112basic_stringIcSt11char_traitsIcESaIcEEEPN7testing9TestSuiteEELb1EEEE10deallocateEPSF_m
FNDA:2,_ZN9__gnu_cxx13new_allocatorINSt8__detail10_Hash_nodeISt4pairIKNSt7__cxx1112basic_stringIcSt11char_traitsIcESaIcEEEPN7testing9TestSuiteEELb1EEEE10deallocateEPSF_m
FN:132,_ZN9__gnu_cxx13new_allocatorIPN7testing9TestSuiteEE10deallocateEPS3_m
FNDA:2,_ZN9__gnu_cxx13new_allocatorIPN7testing9TestSuiteEE10deallocateEPS3_m
FN:132,_ZN9__gnu_cxx13new_allocatorISt6vectorIN7testing8internal13edit_distance8EditTypeESaIS5_EEE10deallocateEPS7_m
FNDA:0,_ZN9__gnu_cxx13new_allocatorISt6vectorIN7testing8internal13edit_distance8EditTypeESaIS5_EEE10deallocateEPS7_m
FN:132,_ZN9__gnu_cxx13new_allocatorIdE10deallocateEPdm
FNDA:0,_ZN9__gnu_cxx13new_allocatorIdE10deallocateEPdm
FN:132,_ZN9__gnu_cxx13new_allocatorISt6vectorIdSaIdEEE10deallocateEPS3_m
FNDA:0,_ZN9__gnu_cxx13new_allocatorISt6vectorIdSaIdEEE10deallocateEPS3_m
FN:154,_ZNK9__gnu_cxx13new_allocatorIPN7testing11EnvironmentEE8max_sizeEv
FNDA:0,_ZNK9__gnu_cxx13new_allocatorIPN7testing11EnvironmentEE8max_sizeEv
FN:154,_ZNK9__gnu_cxx13new_allocatorIiE8max_sizeEv
FNDA:22,_ZNK9__gnu_cxx13new_allocatorIiE8max_sizeEv
FN:154,_ZNK9__gnu_cxx13new_allocatorImE8max_sizeEv
FNDA:0,_ZNK9__gnu_cxx13new_allocatorImE8max_sizeEv
FN:154,_ZNK9__gnu_cxx13new_allocatorIPN7testing9TestSuiteEE8max_sizeEv
FNDA:4,_ZNK9__gnu_cxx13new_allocatorIPN7testing9TestSuiteEE8max_sizeEv
FN:154,_ZNK9__gnu_cxx13new_allocatorISt6vectorIN7testing8internal13edit_distance8EditTypeESaIS5_EEE8max_sizeEv
FNDA:0,_ZNK9__gnu_cxx13new_allocatorISt6vectorIN7testing8internal13edit_distance8EditTypeESaIS5_EEE8max_sizeEv
FN:154,_ZNK9__gnu_cxx13new_allocatorIN7testing8internal13edit_distance8EditTypeEE8max_sizeEv
FNDA:0,_ZNK9__gnu_cxx13new_allocatorIN7testing8internal13edit_distance8EditTypeEE8max_sizeEv
FN:154,_ZNK9__gnu_cxx13new_allocatorISt6vectorIdSaIdEEE8max_sizeEv
FNDA:0,_ZNK9__gnu_cxx13new_allocatorISt6vectorIdSaIdEEE8max_sizeEv
FN:154,_ZNK9__gnu_cxx13new_allocatorIdE8max_sizeEv
FNDA:0,_ZNK9__gnu_cxx13new_allocatorIdE8max_sizeEv
FN:154,_ZNK9__gnu_cxx13new_allocatorINSt7__cxx1112basic_stringIcSt11char_traitsIcESaIcEEEE8max_sizeEv
FNDA:0,_ZNK9__gnu_cxx13new_allocatorINSt7__cxx1112basic_stringIcSt11char_traitsIcESaIcEEEE8max_sizeEv
FN:154,_ZNK9__gnu_cxx13new_allocatorIN7testing14TestPartResultEE8max_sizeEv
FNDA:0,_ZNK9__gnu_cxx13new_allocatorIN7testing14TestPartResultEE8max_sizeEv
FN:154,_ZNK9__gnu_cxx13new_allocatorIN7testing8internal9TraceInfoEE8max_sizeEv
FNDA:0,_ZNK9__gnu_cxx13new_allocatorIN7testing8internal9TraceInfoEE8max_sizeEv
FN:154,_ZNK9__gnu_cxx13new_allocatorIN7testing12TestPropertyEE8max_sizeEv
FNDA:0,_ZNK9__gnu_cxx13new_allocatorIN7testing12TestPropertyEE8max_sizeEv
FN:154,_ZNK9__gnu_cxx13new_allocatorIPN7testing8TestInfoEE8max_sizeEv
FNDA:18,_ZNK9__gnu_cxx13new_allocatorIPN7testing8TestInfoEE8max_sizeEv
FN:154,_ZNK9__gnu_cxx13new_allocatorIPN7testing17TestEventListenerEE8max_sizeEv
FNDA:2,_ZNK9__gnu_cxx13new_allocatorIPN7testing17TestEventListenerEE8max_sizeEv
FN:160,_ZN9__gnu_cxx13new_allocatorIPN7testing17TestEventListenerEE9constructIS3_JRKS3_EEEvPT_DpOT0_
FNDA:1,_ZN9__gnu_cxx13new_allocatorIPN7testing17TestEventListenerEE9constructIS3_JRKS3_EEEvPT_DpOT0_
FN:160,_ZN9__gnu_cxx13new_allocatorINSt8__detail10_Hash_nodeINSt7__cxx1112basic_stringIcSt11char_traitsIcESaIcEEELb1EEEE9constructIS8_JS8_EEEvPT_DpOT0_
FNDA:0,_ZN9__gnu_cxx13new_allocatorINSt8__detail10_Hash_nodeINSt7__cxx1112basic_stringIcSt11char_traitsIcESaIcEEELb1EEEE9constructIS8_JS8_EEEvPT_DpOT0_
FN:160,_ZN9__gnu_cxx13new_allocatorIPN7testing11EnvironmentEE9constructIS3_JRKS3_EEEvPT_DpOT0_
FNDA:0,_ZN9__gnu_cxx13new_allocatorIPN7testing11EnvironmentEE9constructIS3_JRKS3_EEEvPT_DpOT0_
FN:160,_ZN9__gnu_cxx13new_allocatorIPN7testing8TestInfoEE9constructIS3_JRKS3_EEEvPT_DpOT0_
FNDA:20,_ZN9__gnu_cxx13new_allocatorIPN7testing8TestInfoEE9constructIS3_JRKS3_EEEvPT_DpOT0_
FN:160,_ZN9__gnu_cxx13new_allocatorIN7testing8internal9TraceInfoEE9constructIS3_JS3_EEEvPT_DpOT0_
FNDA:0,_ZN9__gnu_cxx13new_allocatorIN7testing8internal9TraceInfoEE9constructIS3_JS3_EEEvPT_DpOT0_
FN:160,_ZN9__gnu_cxx13new_allocatorIN7testing12TestPropertyEE9constructIS2_JS2_EEEvPT_DpOT0_
FNDA:0,_ZN9__gnu_cxx13new_allocatorIN7testing12TestPropertyEE9constructIS2_JS2_EEEvPT_DpOT0_
FN:160,_ZN9__gnu_cxx13new_allocatorIN7testing12TestPropertyEE9constructIS2_JRKS2_EEEvPT_DpOT0_
FNDA:0,_ZN9__gnu_cxx13new_allocatorIN7testing12TestPropertyEE9constructIS2_JRKS2_EEEvPT_DpOT0_
FN:160,_ZN9__gnu_cxx13new_allocatorIN7testing14TestPartResultEE9constructIS2_JS2_EEEvPT_DpOT0_
FNDA:0,_ZN9__gnu_cxx13new_allocatorIN7testing14TestPartResultEE9constructIS2_JS2_EEEvPT_DpOT0_
FN:160,_ZN9__gnu_cxx13new_allocatorIN7testing14TestPartResultEE9constructIS2_JRKS2_EEEvPT_DpOT0_
FNDA:0,_ZN9__gnu_cxx13new_allocatorIN7testing14TestPartResultEE9constructIS2_JRKS2_EEEvPT_DpOT0_
FN:160,_ZN9__gnu_cxx13new_allocatorISt13_Rb_tree_nodeISt4pairIKNSt7__cxx1112basic_stringIcSt11char_traitsIcESaIcEEEmEEE9constructISA_JRKSt21piecewise_construct_tSt5tupleIJRS9_EESH_IJEEEEEvPT_DpOT0_
FNDA:0,_ZN9__gnu_cxx13new_allocatorISt13_Rb_tree_nodeISt4pairIKNSt7__cxx1112basic_stringIcSt11char_traitsIcESaIcEEEmEEE9constructISA_JRKSt21piecewise_construct_tSt5tupleIJRS9_EESH_IJEEEEEvPT_DpOT0_
FN:160,_ZN9__gnu_cxx13new_allocatorISt13_Rb_tree_nodeINSt7__cxx1112basic_stringIcSt11char_traitsIcESaIcEEEEE9constructIS7_JS7_EEEvPT_DpOT0_
FNDA:0,_ZN9__gnu_cxx13new_allocatorISt13_Rb_tree_nodeINSt7__cxx1112basic_stringIcSt11char_traitsIcESaIcEEEEE9constructIS7_JS7_EEEvPT_DpOT0_
FN:160,_ZN9__gnu_cxx13new_allocatorIN7testing8internal13edit_distance8EditTypeEE9constructIS4_JRKS4_EEEvPT_DpOT0_
FNDA:0,_ZN9__gnu_cxx13new_allocatorIN7testing8internal13edit_distance8EditTypeEE9constructIS4_JRKS4_EEEvPT_DpOT0_
FN:160,_ZN9__gnu_cxx13new_allocatorINSt8__detail10_Hash_nodeISt4pairIKNSt7__cxx1112basic_stringIcSt11char_traitsIcESaIcEEEPN7testing9TestSuiteEELb1EEEE9constructISE_JRSA_RKSD_EEEvPT_DpOT0_
FNDA:2,_ZN9__gnu_cxx13new_allocatorINSt8__detail10_Hash_nodeISt4pairIKNSt7__cxx1112basic_stringIcSt11char_traitsIcESaIcEEEPN7testing9TestSuiteEELb1EEEE9constructISE_JRSA_RKSD_EEEvPT_DpOT0_
FN:160,_ZN9__gnu_cxx13new_allocatorImE9constructImJmEEEvPT_DpOT0_
FNDA:0,_ZN9__gnu_cxx13new_allocatorImE9constructImJmEEEvPT_DpOT0_
FN:160,_ZN9__gnu_cxx13new_allocatorISt10_List_nodeISt4pairIcPKcEEE9constructIS5_JS5_EEEvPT_DpOT0_
FNDA:0,_ZN9__gnu_cxx13new_allocatorISt10_List_nodeISt4pairIcPKcEEE9constructIS5_JS5_EEEvPT_DpOT0_
FN:160,_ZN9__gnu_cxx13new_allocatorIN7testing8internal9TraceInfoEE9constructIS3_JRKS3_EEEvPT_DpOT0_
FNDA:0,_ZN9__gnu_cxx13new_allocatorIN7testing8internal9TraceInfoEE9constructIS3_JRKS3_EEEvPT_DpOT0_
FN:160,_ZN9__gnu_cxx13new_allocatorIPN7testing9TestSuiteEE9constructIS3_JS3_EEEvPT_DpOT0_
FNDA:0,_ZN9__gnu_cxx13new_allocatorIPN7testing9TestSuiteEE9constructIS3_JS3_EEEvPT_DpOT0_
FN:160,_ZN9__gnu_cxx13new_allocatorIPN7testing9TestSuiteEE9constructIS3_JRKS3_EEEvPT_DpOT0_
FNDA:2,_ZN9__gnu_cxx13new_allocatorIPN7testing9TestSuiteEE9constructIS3_JRKS3_EEEvPT_DpOT0_
FN:160,_ZN9__gnu_cxx13new_allocatorISt13_Rb_tree_nodeISt4pairIKNSt7__cxx1112basic_stringIcSt11char_traitsIcESaIcEEEN7testing8internal34TypeParameterizedTestSuiteRegistry30TypeParameterizedTestSuiteInfoEEEE9constructISE_JS8_SD_EEEvPT_DpOT0_
FNDA:0,_ZN9__gnu_cxx13new_allocatorISt13_Rb_tree_nodeISt4pairIKNSt7__cxx1112basic_stringIcSt11char_traitsIcESaIcEEEN7testing8internal34TypeParameterizedTestSuiteRegistry30TypeParameterizedTestSuiteInfoEEEE9constructISE_JS8_SD_EEEvPT_DpOT0_
FN:160,_ZN9__gnu_cxx13new_allocatorINSt7__cxx1112basic_stringIcSt11char_traitsIcESaIcEEEE9constructIS6_JS6_EEEvPT_DpOT0_
FNDA:19,_ZN9__gnu_cxx13new_allocatorINSt7__cxx1112basic_stringIcSt11char_traitsIcESaIcEEEE9constructIS6_JS6_EEEvPT_DpOT0_
FN:160,_ZN9__gnu_cxx13new_allocatorIiE9constructIiJiEEEvPT_DpOT0_
FNDA:22,_ZN9__gnu_cxx13new_allocatorIiE9constructIiJiEEEvPT_DpOT0_
FN:166,_ZN9__gnu_cxx13new_allocatorIPN7testing11EnvironmentEE7destroyIS3_EEvPT_
FNDA:0,_ZN9__gnu_cxx13new_allocatorIPN7testing11EnvironmentEE7destroyIS3_EEvPT_
FN:166,_ZN9__gnu_cxx13new_allocatorISt10_List_nodeISt4pairIcPKcEEE7destroyIS5_EEvPT_
FNDA:0,_ZN9__gnu_cxx13new_allocatorISt10_List_nodeISt4pairIcPKcEEE7destroyIS5_EEvPT_
FN:166,_ZN9__gnu_cxx13new_allocatorIN7testing14TestPartResultEE7destroyIS2_EEvPT_
FNDA:0,_ZN9__gnu_cxx13new_allocatorIN7testing14TestPartResultEE7destroyIS2_EEvPT_
FN:166,_ZN9__gnu_cxx13new_allocatorIPN7testing8TestInfoEE7destroyIS3_EEvPT_
FNDA:0,_ZN9__gnu_cxx13new_allocatorIPN7testing8TestInfoEE7destroyIS3_EEvPT_
FN:166,_ZN9__gnu_cxx13new_allocatorIPN7testing17TestEventListenerEE7destroyIS3_EEvPT_
FNDA:0,_ZN9__gnu_cxx13new_allocatorIPN7testing17TestEventListenerEE7destroyIS3_EEvPT_
FN:166,_ZN9__gnu_cxx13new_allocatorIN7testing12TestPropertyEE7destroyIS2_EEvPT_
FNDA:0,_ZN9__gnu_cxx13new_allocatorIN7testing12TestPropertyEE7destroyIS2_EEvPT_
FN:166,_ZN9__gnu_cxx13new_allocatorIPN7testing9TestSuiteEE7destroyIS3_EEvPT_
FNDA:0,_ZN9__gnu_cxx13new_allocatorIPN7testing9TestSuiteEE7destroyIS3_EEvPT_
FN:166,_ZN9__gnu_cxx13new_allocatorINSt7__cxx1112basic_stringIcSt11char_traitsIcESaIcEEEE7destroyIS6_EEvPT_
FNDA:3,_ZN9__gnu_cxx13new_allocatorINSt7__cxx1112basic_stringIcSt11char_traitsIcESaIcEEEE7destroyIS6_EEvPT_
FN:166,_ZN9__gnu_cxx13new_allocatorImE7destroyImEEvPT_
FNDA:0,_ZN9__gnu_cxx13new_allocatorImE7destroyImEEvPT_
FN:166,_ZN9__gnu_cxx13new_allocatorIiE7destroyIiEEvPT_
FNDA:0,_ZN9__gnu_cxx13new_allocatorIiE7destroyIiEEvPT_
FN:166,_ZN9__gnu_cxx13new_allocatorINSt8__detail10_Hash_nodeISt4pairIKNSt7__cxx1112basic_stringIcSt11char_traitsIcESaIcEEEmELb1EEEE7destroyISB_EEvPT_
FNDA:0,_ZN9__gnu_cxx13new_allocatorINSt8__detail10_Hash_nodeISt4pairIKNSt7__cxx1112basic_stringIcSt11char_traitsIcESaIcEEEmELb1EEEE7destroyISB_EEvPT_
FN:166,_ZN9__gnu_cxx13new_allocatorINSt8__detail10_Hash_nodeISt4pairIKNSt7__cxx1112basic_stringIcSt11char_traitsIcESaIcEEEPN7testing9TestSuiteEELb1EEEE7destroyISE_EEvPT_
FNDA:2,_ZN9__gnu_cxx13new_allocatorINSt8__detail10_Hash_nodeISt4pairIKNSt7__cxx1112basic_stringIcSt11char_traitsIcESaIcEEEPN7testing9TestSuiteEELb1EEEE7destroyISE_EEvPT_
FN:166,_ZN9__gnu_cxx13new_allocatorIN7testing8internal9TraceInfoEE7destroyIS3_EEvPT_
FNDA:0,_ZN9__gnu_cxx13new_allocatorIN7testing8internal9TraceInfoEE7destroyIS3_EEvPT_
FN:166,_ZN9__gnu_cxx13new_allocatorINSt8__detail10_Hash_nodeINSt7__cxx1112basic_stringIcSt11char_traitsIcESaIcEEELb1EEEE7destroyIS8_EEvPT_
FNDA:0,_ZN9__gnu_cxx13new_allocatorINSt8__detail10_Hash_nodeINSt7__cxx1112basic_stringIcSt11char_traitsIcESaIcEEELb1EEEE7destroyIS8_EEvPT_
FN:166,_ZN9__gnu_cxx13new_allocatorISt13_Rb_tree_nodeISt4pairIKNSt7__cxx1112basic_stringIcSt11char_traitsIcESaIcEEEN7testing8internal34TypeParameterizedTestSuiteRegistry30TypeParameterizedTestSuiteInfoEEEE7destroyISE_EEvPT_
FNDA:0,_ZN9__gnu_cxx13new_allocatorISt13_Rb_tree_nodeISt4pairIKNSt7__cxx1112basic_stringIcSt11char_traitsIcESaIcEEEN7testing8internal34TypeParameterizedTestSuiteRegistry30TypeParameterizedTestSuiteInfoEEEE7destroyISE_EEvPT_
FN:166,_ZN9__gnu_cxx13new_allocatorISt13_Rb_tree_nodeISt4pairIKNSt7__cxx1112basic_stringIcSt11char_traitsIcESaIcEEEmEEE7destroyISA_EEvPT_
FNDA:0,_ZN9__gnu_cxx13new_allocatorISt13_Rb_tree_nodeISt4pairIKNSt7__cxx1112basic_stringIcSt11char_traitsIcESaIcEEEmEEE7destroyISA_EEvPT_
FN:166,_ZN9__gnu_cxx13new_allocatorISt13_Rb_tree_nodeINSt7__cxx1112basic_stringIcSt11char_traitsIcESaIcEEEEE7destroyIS7_EEvPT_
FNDA:0,_ZN9__gnu_cxx13new_allocatorISt13_Rb_tree_nodeINSt7__cxx1112basic_stringIcSt11char_traitsIcESaIcEEEEE7destroyIS7_EEvPT_
FN:166,_ZN9__gnu_cxx13new_allocatorIN7testing8internal13edit_distance8EditTypeEE7destroyIS4_EEvPT_
FNDA:0,_ZN9__gnu_cxx13new_allocatorIN7testing8internal13edit_distance8EditTypeEE7destroyIS4_EEvPT_
FN:197,_ZNK9__gnu_cxx13new_allocatorISt6vectorIdSaIdEEE11_M_max_sizeEv
FNDA:0,_ZNK9__gnu_cxx13new_allocatorISt6vectorIdSaIdEEE11_M_max_sizeEv
FN:197,_ZNK9__gnu_cxx13new_allocatorIPN7testing9TestSuiteEE11_M_max_sizeEv
FNDA:6,_ZNK9__gnu_cxx13new_allocatorIPN7testing9TestSuiteEE11_M_max_sizeEv
FN:197,_ZNK9__gnu_cxx13new_allocatorINSt8__detail10_Hash_nodeINSt7__cxx1112basic_stringIcSt11char_traitsIcESaIcEEELb1EEEE11_M_max_sizeEv
FNDA:0,_ZNK9__gnu_cxx13new_allocatorINSt8__detail10_Hash_nodeINSt7__cxx1112basic_stringIcSt11char_traitsIcESaIcEEELb1EEEE11_M_max_sizeEv
FN:197,_ZNK9__gnu_cxx13new_allocatorIN7testing8internal9TraceInfoEE11_M_max_sizeEv
FNDA:0,_ZNK9__gnu_cxx13new_allocatorIN7testing8internal9TraceInfoEE11_M_max_sizeEv
FN:197,_ZNK9__gnu_cxx13new_allocatorIPNSt8__detail15_Hash_node_baseEE11_M_max_sizeEv
FNDA:1,_ZNK9__gnu_cxx13new_allocatorIPNSt8__detail15_Hash_node_baseEE11_M_max_sizeEv
FN:197,_ZNK9__gnu_cxx13new_allocatorIPN7testing11EnvironmentEE11_M_max_sizeEv
FNDA:0,_ZNK9__gnu_cxx13new_allocatorIPN7testing11EnvironmentEE11_M_max_sizeEv
FN:197,_ZNK9__gnu_cxx13new_allocatorIPN7testing17TestEventListenerEE11_M_max_sizeEv
FNDA:3,_ZNK9__gnu_cxx13new_allocatorIPN7testing17TestEventListenerEE11_M_max_sizeEv
FN:197,_ZNK9__gnu_cxx13new_allocatorISt6vectorIN7testing8internal13edit_distance8EditTypeESaIS5_EEE11_M_max_sizeEv
FNDA:0,_ZNK9__gnu_cxx13new_allocatorISt6vectorIN7testing8internal13edit_distance8EditTypeESaIS5_EEE11_M_max_sizeEv
FN:197,_ZNK9__gnu_cxx13new_allocatorIPN7testing8TestInfoEE11_M_max_sizeEv
FNDA:27,_ZNK9__gnu_cxx13new_allocatorIPN7testing8TestInfoEE11_M_max_sizeEv
FN:197,_ZNK9__gnu_cxx13new_allocatorIN7testing12TestPropertyEE11_M_max_sizeEv
FNDA:0,_ZNK9__gnu_cxx13new_allocatorIN7testing12TestPropertyEE11_M_max_sizeEv
FN:197,_ZNK9__gnu_cxx13new_allocatorIN7testing14TestPartResultEE11_M_max_sizeEv
FNDA:0,_ZNK9__gnu_cxx13new_allocatorIN7testing14TestPartResultEE11_M_max_sizeEv
FN:197,_ZNK9__gnu_cxx13new_allocatorISt10_List_nodeISt4pairIcPKcEEE11_M_max_sizeEv
FNDA:0,_ZNK9__gnu_cxx13new_allocatorISt10_List_nodeISt4pairIcPKcEEE11_M_max_sizeEv
FN:197,_ZNK9__gnu_cxx13new_allocatorISt13_Rb_tree_nodeINSt7__cxx1112basic_stringIcSt11char_traitsIcESaIcEEEEE11_M_max_sizeEv
FNDA:0,_ZNK9__gnu_cxx13new_allocatorISt13_Rb_tree_nodeINSt7__cxx1112basic_stringIcSt11char_traitsIcESaIcEEEEE11_M_max_sizeEv
FN:197,_ZNK9__gnu_cxx13new_allocatorISt13_Rb_tree_nodeISt4pairIKNSt7__cxx1112basic_stringIcSt11char_traitsIcESaIcEEEmEEE11_M_max_sizeEv
FNDA:0,_ZNK9__gnu_cxx13new_allocatorISt13_Rb_tree_nodeISt4pairIKNSt7__cxx1112basic_stringIcSt11char_traitsIcESaIcEEEmEEE11_M_max_sizeEv
FN:197,_ZNK9__gnu_cxx13new_allocatorIN7testing8internal13edit_distance8EditTypeEE11_M_max_sizeEv
FNDA:0,_ZNK9__gnu_cxx13new_allocatorIN7testing8internal13edit_distance8EditTypeEE11_M_max_sizeEv
FN:197,_ZNK9__gnu_cxx13new_allocatorIdE11_M_max_sizeEv
FNDA:0,_ZNK9__gnu_cxx13new_allocatorIdE11_M_max_sizeEv
FN:197,_ZNK9__gnu_cxx13new_allocatorINSt8__detail10_Hash_nodeISt4pairIKNSt7__cxx1112basic_stringIcSt11char_traitsIcESaIcEEEPN7testing9TestSuiteEELb1EEEE11_M_max_sizeEv
FNDA:2,_ZNK9__gnu_cxx13new_allocatorINSt8__detail10_Hash_nodeISt4pairIKNSt7__cxx1112basic_stringIcSt11char_traitsIcESaIcEEEPN7testing9TestSuiteEELb1EEEE11_M_max_sizeEv
FN:197,_ZNK9__gnu_cxx13new_allocatorIiE11_M_max_sizeEv
FNDA:33,_ZNK9__gnu_cxx13new_allocatorIiE11_M_max_sizeEv
FN:197,_ZNK9__gnu_cxx13new_allocatorISt13_Rb_tree_nodeISt4pairIKNSt7__cxx1112basic_stringIcSt11char_traitsIcESaIcEEEN7testing8internal34TypeParameterizedTestSuiteRegistry30TypeParameterizedTestSuiteInfoEEEE11_M_max_sizeEv
FNDA:0,_ZNK9__gnu_cxx13new_allocatorISt13_Rb_tree_nodeISt4pairIKNSt7__cxx1112basic_stringIcSt11char_traitsIcESaIcEEEN7testing8internal34TypeParameterizedTestSuiteRegistry30TypeParameterizedTestSuiteInfoEEEE11_M_max_sizeEv
FN:197,_ZNK9__gnu_cxx13new_allocatorINSt7__cxx1112basic_stringIcSt11char_traitsIcESaIcEEEE11_M_max_sizeEv
FNDA:0,_ZNK9__gnu_cxx13new_allocatorINSt7__cxx1112basic_stringIcSt11char_traitsIcESaIcEEEE11_M_max_sizeEv
FN:197,_ZNK9__gnu_cxx13new_allocatorImE11_M_max_sizeEv
FNDA:0,_ZNK9__gnu_cxx13new_allocatorImE11_M_max_sizeEv
DA:79,23
DA:79,0
DA:79,0
DA:79,0
DA:79,0
DA:79,0
DA:79,0
DA:79,0
DA:79,6
DA:79,0
DA:79,0
DA:79,0
DA:79,23
DA:79,0
DA:79,2
DA:79,3
DA:79,1
DA:79,1
DA:79,1
DA:79,1
DA:79,1
DA:79,1
DA:79,1
DA:79,1
DA:79,2
DA:82,0
DA:82,0
DA:82,0
DA:82,0
DA:82,0
DA:82,0
DA:89,23
DA:89,0
DA:89,0
DA:89,0
DA:89,6
DA:89,0
DA:89,0
DA:89,0
DA:89,0
DA:89,0
DA:89,0
DA:89,0
DA:89,23
DA:89,0
DA:89,2
DA:89,3
DA:89,1
DA:89,1
DA:89,1
DA:89,1
DA:89,1
DA:89,1
DA:89,1
DA:89,1
DA:89,2
DA:103,0
DA:111,0
DA:115,0
DA:116,0
DA:117,0
DA:127,0
DA:103,0
DA:111,0
DA:115,0
DA:116,0
DA:117,0
DA:127,0
DA:103,0
DA:111,0
DA:115,0
DA:116,0
DA:117,0
DA:127,0
DA:103,0
DA:111,0
DA:115,0
DA:116,0
DA:117,0
DA:127,0
DA:103,0
DA:111,0
DA:115,0
DA:116,0
DA:117,0
DA:127,0
DA:103,9
DA:111,9
DA:115,0
DA:116,0
DA:117,0
DA:127,9
DA:103,1
DA:111,1
DA:115,0
DA:116,0
DA:117,0
DA:127,1
DA:103,0
DA:111,0
DA:115,0
DA:116,0
DA:117,0
DA:127,0
DA:103,0
DA:111,0
DA:115,0
DA:116,0
DA:117,0
DA:127,0
DA:103,2
DA:111,2
DA:115,0
DA:116,0
DA:117,0
DA:127,2
DA:103,0
DA:111,0
DA:115,0
DA:116,0
DA:117,0
DA:127,0
DA:103,0
DA:111,0
DA:115,0
DA:116,0
DA:117,0
DA:127,0
DA:103,0
DA:111,0
DA:115,0
DA:116,0
DA:117,0
DA:127,0
DA:103,0
DA:111,0
DA:115,0
DA:116,0
DA:117,0
DA:127,0
DA:103,0
DA:111,0
DA:115,0
DA:116,0
DA:117,0
DA:127,0
DA:103,0
DA:111,0
DA:115,0
DA:116,0
DA:117,0
DA:127,0
DA:103,0
DA:111,0
DA:115,0
DA:116,0
DA:117,0
DA:127,0
DA:103,11
DA:111,11
DA:115,0
DA:116,0
DA:117,0
DA:127,11
DA:103,2
DA:111,2
DA:115,0
DA:116,0
DA:117,0
DA:127,2
DA:103,0
DA:111,0
DA:115,0
DA:116,0
DA:117,0
DA:127,0
DA:103,1
DA:111,1
DA:115,0
DA:116,0
DA:117,0
DA:127,1
DA:132,0
DA:145,0
DA:150,0
DA:132,0
DA:145,0
DA:150,0
DA:132,0
DA:145,0
DA:150,0
DA:132,0
DA:145,0
DA:150,0
DA:132,0
DA:145,0
DA:150,0
DA:132,0
DA:145,0
DA:150,0
DA:132,9
DA:145,9
DA:150,9
DA:132,11
DA:145,11
DA:150,11
DA:132,1
DA:145,1
DA:150,1
DA:132,0
DA:145,0
DA:150,0
DA:132,2
DA:145,2
DA:150,2
DA:132,0
DA:145,0
DA:150,0
DA:132,2
DA:145,2
DA:150,2
DA:132,0
DA:145,0
DA:150,0
DA:132,0
DA:145,0
DA:150,0
DA:132,0
DA:145,0
DA:150,0
DA:132,0
DA:145,0
DA:150,0
DA:132,1
DA:145,1
DA:150,1
DA:132,0
DA:145,0
DA:150,0
DA:132,0
DA:145,0
DA:150,0
DA:132,0
DA:145,0
DA:150,0
DA:132,0
DA:145,0
DA:150,0
DA:132,0
DA:145,0
DA:150,0
DA:154,22
DA:155,22
DA:154,0
DA:155,0
DA:154,4
DA:155,4
DA:154,0
DA:155,0
DA:154,0
DA:155,0
DA:154,2
DA:155,2
DA:154,18
DA:155,18
DA:154,0
DA:155,0
DA:154,0
DA:155,0
DA:154,0
DA:155,0
DA:154,0
DA:155,0
DA:154,0
DA:155,0
DA:154,0
DA:155,0
DA:154,0
DA:155,0
DA:160,22
DA:162,22
DA:160,0
DA:162,0
DA:160,0
DA:162,0
DA:160,0
DA:162,0
DA:160,20
DA:162,20
DA:160,1
DA:162,1
DA:160,0
DA:162,0
DA:160,0
DA:162,0
DA:160,2
DA:162,2
DA:160,19
DA:162,19
DA:160,0
DA:162,0
DA:160,0
DA:162,0
DA:160,0
DA:162,0
DA:160,0
DA:162,0
DA:160,0
DA:162,0
DA:160,0
DA:162,0
DA:160,2
DA:162,2
DA:160,0
DA:162,0
DA:160,0
DA:162,0
DA:160,0
DA:162,0
DA:160,0
DA:162,0
DA:166,0
DA:168,0
DA:166,0
DA:168,0
DA:166,0
DA:168,0
DA:166,0
DA:168,0
DA:166,0
DA:168,0
DA:166,0
DA:168,0
DA:166,0
DA:168,0
DA:166,0
DA:168,0
DA:166,0
DA:168,0
DA:166,0
DA:168,0
DA:166,3
DA:168,3
DA:166,0
DA:168,0
DA:166,0
DA:168,0
DA:166,0
DA:168,0
DA:166,0
DA:168,0
DA:166,0
DA:168,0
DA:166,0
DA:168,0
DA:166,2
DA:168,2
DA:197,0
DA:200,0
DA:197,0
DA:200,0
DA:197,0
DA:200,0
DA:197,0
DA:200,0
DA:197,0
DA:200,0
DA:197,27
DA:200,27
DA:197,3
DA:200,3
DA:197,0
DA:200,0
DA:197,0
DA:200,0
DA:197,6
DA:200,6
DA:197,0
DA:200,0
DA:197,0
DA:200,0
DA:197,0
DA:200,0
DA:197,0
DA:200,0
DA:197,0
DA:200,0
DA:197,0
DA:200,0
DA:197,0
DA:200,0
DA:197,33
DA:200,33
DA:197,2
DA:200,2
DA:197,0
DA:200,0
DA:197,1
DA:200,1
end_of_record
SF:/usr/include/c++/11/bits/cpp_type_traits.h
FN:560,_ZSt12__miter_baseIN9__gnu_cxx17__normal_iteratorIPKN7testing8internal13edit_distance8EditTypeESt6vectorIS5_SaIS5_EEEEET_SC_
FNDA:0,_ZSt12__miter_baseIN9__gnu_cxx17__normal_iteratorIPKN7testing8internal13edit_distance8EditTypeESt6vectorIS5_SaIS5_EEEEET_SC_
FN:560,_ZSt12__miter_baseIN9__gnu_cxx17__normal_iteratorIPKdSt6vectorIdSaIdEEEEET_S8_
FNDA:0,_ZSt12__miter_baseIN9__gnu_cxx17__normal_iteratorIPKdSt6vectorIdSaIdEEEEET_S8_
FN:560,_ZSt12__miter_baseIPNSt7__cxx1112basic_stringIcSt11char_traitsIcESaIcEEEET_S7_
FNDA:0,_ZSt12__miter_baseIPNSt7__cxx1112basic_stringIcSt11char_traitsIcESaIcEEEET_S7_
FN:560,_ZSt12__miter_baseIPiET_S1_
FNDA:0,_ZSt12__miter_baseIPiET_S1_
FN:560,_ZSt12__miter_baseIPmET_S1_
FNDA:0,_ZSt12__miter_baseIPmET_S1_
FN:560,_ZSt12__miter_baseIPPN7testing11EnvironmentEET_S4_
FNDA:0,_ZSt12__miter_baseIPPN7testing11EnvironmentEET_S4_
FN:560,_ZSt12__miter_baseIPPN7testing17TestEventListenerEET_S4_
FNDA:0,_ZSt12__miter_baseIPPN7testing17TestEventListenerEET_S4_
FN:560,_ZSt12__miter_baseIPN7testing8internal13edit_distance8EditTypeEET_S5_
FNDA:0,_ZSt12__miter_baseIPN7testing8internal13edit_distance8EditTypeEET_S5_
FN:560,_ZSt12__miter_baseIPPN7testing8TestInfoEET_S4_
FNDA:0,_ZSt12__miter_baseIPPN7testing8TestInfoEET_S4_
FN:560,_ZSt12__miter_baseIN9__gnu_cxx17__normal_iteratorIPPN7testing8TestInfoESt6vectorIS4_SaIS4_EEEEET_SA_
FNDA:4,_ZSt12__miter_baseIN9__gnu_cxx17__normal_iteratorIPPN7testing8TestInfoESt6vectorIS4_SaIS4_EEEEET_SA_
FN:560,_ZSt12__miter_baseIPPN7testing9TestSuiteEET_S4_
FNDA:0,_ZSt12__miter_baseIPPN7testing9TestSuiteEET_S4_
FN:560,_ZSt12__miter_baseIN9__gnu_cxx17__normal_iteratorIPPN7testing17TestEventListenerESt6vectorIS4_SaIS4_EEEEET_SA_
FNDA:0,_ZSt12__miter_baseIN9__gnu_cxx17__normal_iteratorIPPN7testing17TestEventListenerESt6vectorIS4_SaIS4_EEEEET_SA_
FN:560,_ZSt12__miter_baseIN9__gnu_cxx17__normal_iteratorIPNSt7__cxx1112basic_stringIcSt11char_traitsIcESaIcEEESt6vectorIS7_SaIS7_EEEEET_SD_
FNDA:16,_ZSt12__miter_baseIN9__gnu_cxx17__normal_iteratorIPNSt7__cxx1112basic_stringIcSt11char_traitsIcESaIcEEESt6vectorIS7_SaIS7_EEEEET_SD_
DA:560,0
DA:561,0
DA:560,0
DA:561,0
DA:560,0
DA:561,0
DA:560,0
DA:561,0
DA:560,0
DA:561,0
DA:560,0
DA:561,0
DA:560,0
DA:561,0
DA:560,0
DA:561,0
DA:560,0
DA:561,0
DA:560,4
DA:561,4
DA:560,0
DA:561,0
DA:560,0
DA:561,0
DA:560,16
DA:561,16
end_of_record
SF:/usr/include/c++/11/ext/alloc_traits.h
FN:97,_ZN9__gnu_cxx14__alloc_traitsISaIN7testing8internal13edit_distance8EditTypeEES4_E17_S_select_on_copyERKS5_
FNDA:0,_ZN9__gnu_cxx14__alloc_traitsISaIN7testing8internal13edit_distance8EditTypeEES4_E17_S_select_on_copyERKS5_
FN:97,_ZN9__gnu_cxx14__alloc_traitsISaIdEdE17_S_select_on_copyERKS1_
FNDA:0,_ZN9__gnu_cxx14__alloc_traitsISaIdEdE17_S_select_on_copyERKS1_
FN:97,_ZN9__gnu_cxx14__alloc_traitsISaINSt7__cxx1112basic_stringIcSt11char_traitsIcESaIcEEEES6_E17_S_select_on_copyERKS7_
FNDA:0,_ZN9__gnu_cxx14__alloc_traitsISaINSt7__cxx1112basic_stringIcSt11char_traitsIcESaIcEEEES6_E17_S_select_on_copyERKS7_
FN:97,_ZN9__gnu_cxx14__alloc_traitsISaIcEcE17_S_select_on_copyERKS1_
FNDA:0,_ZN9__gnu_cxx14__alloc_traitsISaIcEcE17_S_select_on_copyERKS1_
FN:100,_ZN9__gnu_cxx14__alloc_traitsISaINSt7__cxx1112basic_stringIcSt11char_traitsIcESaIcEEEES6_E10_S_on_swapERS7_S9_
FNDA:5,_ZN9__gnu_cxx14__alloc_traitsISaINSt7__cxx1112basic_stringIcSt11char_traitsIcESaIcEEEES6_E10_S_on_swapERS7_S9_
DA:97,0
DA:98,0
DA:97,0
DA:98,0
DA:97,0
DA:98,0
DA:97,0
DA:98,0
DA:100,5
DA:101,5
end_of_record
SF:/usr/include/c++/11/bits/unique_ptr.h
FN:79,_ZNKSt14default_deleteIN7testing8internal16DeathTestFactoryEEclEPS2_
FNDA:1,_ZNKSt14default_deleteIN7testing8internal16DeathTestFactoryEEclEPS2_
FN:79,_ZNKSt14default_deleteINSt7__cxx1118basic_stringstreamIcSt11char_traitsIcESaIcEEEEclEPS5_
FNDA:0,_ZNKSt14default_deleteINSt7__cxx1118basic_stringstreamIcSt11char_traitsIcESaIcEEEEclEPS5_
FN:79,_ZNKSt14default_deleteIN7testing8internal24InternalRunDeathTestFlagEEclEPS2_
FNDA:0,_ZNKSt14default_deleteIN7testing8internal24InternalRunDeathTestFlagEEclEPS2_
FN:79,_ZNKSt14default_deleteINSt7__cxx1112basic_stringIcSt11char_traitsIcESaIcEEEEclEPS5_
FNDA:0,_ZNKSt14default_deleteINSt7__cxx1112basic_stringIcSt11char_traitsIcESaIcEEEEclEPS5_
FN:79,_ZNKSt14default_deleteIN7testing8internal11ThreadLocalISt6vectorINS1_9TraceInfoESaIS4_EEE18ValueHolderFactoryEEclEPS8_
FNDA:1,_ZNKSt14default_deleteIN7testing8internal11ThreadLocalISt6vectorINS1_9TraceInfoESaIS4_EEE18ValueHolderFactoryEEclEPS8_
FN:79,_ZNKSt14default_deleteIKNSt7__cxx1112basic_stringIcSt11char_traitsIcESaIcEEEEclEPS6_
FNDA:0,_ZNKSt14default_deleteIKNSt7__cxx1112basic_stringIcSt11char_traitsIcESaIcEEEEclEPS6_
FN:79,_ZNKSt14default_deleteIN7testing8internal14GTestFlagSaverEEclEPS2_
FNDA:20,_ZNKSt14default_deleteIN7testing8internal14GTestFlagSaverEEclEPS2_
FN:79,_ZNKSt14default_deleteIN7testing8internal11ThreadLocalIPNS0_31TestPartResultReporterInterfaceEE18ValueHolderFactoryEEclEPS6_
FNDA:1,_ZNKSt14default_deleteIN7testing8internal11ThreadLocalIPNS0_31TestPartResultReporterInterfaceEE18ValueHolderFactoryEEclEPS6_
FN:79,_ZNKSt14default_deleteIN7testing8internal17StreamingListener20AbstractSocketWriterEEclEPS3_
FNDA:0,_ZNKSt14default_deleteIN7testing8internal17StreamingListener20AbstractSocketWriterEEclEPS3_
FN:154,_ZNSt15__uniq_ptr_implIN7testing8internal24InternalRunDeathTestFlagESt14default_deleteIS2_EEC2Ev
FNDA:1,_ZNSt15__uniq_ptr_implIN7testing8internal24InternalRunDeathTestFlagESt14default_deleteIS2_EEC2Ev
FN:155,_ZNSt15__uniq_ptr_implIN7testing8internal11ThreadLocalIPNS0_31TestPartResultReporterInterfaceEE18ValueHolderFactoryESt14default_deleteIS6_EEC2EPS6_
FNDA:1,_ZNSt15__uniq_ptr_implIN7testing8internal11ThreadLocalIPNS0_31TestPartResultReporterInterfaceEE18ValueHolderFactoryESt14default_deleteIS6_EEC2EPS6_
FN:155,_ZNSt15__uniq_ptr_implIN7testing8internal16DeathTestFactoryESt14default_deleteIS2_EEC2EPS2_
FNDA:1,_ZNSt15__uniq_ptr_implIN7testing8internal16DeathTestFactoryESt14default_deleteIS2_EEC2EPS2_
FN:155,_ZNSt15__uniq_ptr_implINSt7__cxx1112basic_stringIcSt11char_traitsIcESaIcEEESt14default_deleteIS5_EEC2EPS5_
FNDA:0,_ZNSt15__uniq_ptr_implINSt7__cxx1112basic_stringIcSt11char_traitsIcESaIcEEESt14default_deleteIS5_EEC2EPS5_
FN:155,_ZNSt15__uniq_ptr_implIKNSt7__cxx1112basic_stringIcSt11char_traitsIcESaIcEEESt14default_deleteIS6_EEC2EPS6_
FNDA:42,_ZNSt15__uniq_ptr_implIKNSt7__cxx1112basic_stringIcSt11char_traitsIcESaIcEEESt14default_deleteIS6_EEC2EPS6_
FN:155,_ZNSt15__uniq_ptr_implIN7testing8internal14GTestFlagSaverESt14default_deleteIS2_EEC2EPS2_
FNDA:20,_ZNSt15__uniq_ptr_implIN7testing8internal14GTestFlagSaverESt14default_deleteIS2_EEC2EPS2_
FN:155,_ZNSt15__uniq_ptr_implIN7testing8internal17StreamingListener20AbstractSocketWriterESt14default_deleteIS3_EEC2EPS3_
FNDA:0,_ZNSt15__uniq_ptr_implIN7testing8internal17StreamingListener20AbstractSocketWriterESt14default_deleteIS3_EEC2EPS3_
FN:155,_ZNSt15__uniq_ptr_implIN7testing8internal11ThreadLocalISt6vectorINS1_9TraceInfoESaIS4_EEE18ValueHolderFactoryESt14default_deleteIS8_EEC2EPS8_
FNDA:1,_ZNSt15__uniq_ptr_implIN7testing8internal11ThreadLocalISt6vectorINS1_9TraceInfoESaIS4_EEE18ValueHolderFactoryESt14default_deleteIS8_EEC2EPS8_
FN:155,_ZNSt15__uniq_ptr_implINSt7__cxx1118basic_stringstreamIcSt11char_traitsIcESaIcEEESt14default_deleteIS5_EEC2EPS5_
FNDA:75,_ZNSt15__uniq_ptr_implINSt7__cxx1118basic_stringstreamIcSt11char_traitsIcESaIcEEESt14default_deleteIS5_EEC2EPS5_
FN:165,_ZNSt15__uniq_ptr_implINSt7__cxx1112basic_stringIcSt11char_traitsIcESaIcEEESt14default_deleteIS5_EEaSEOS8_
FNDA:0,_ZNSt15__uniq_ptr_implINSt7__cxx1112basic_stringIcSt11char_traitsIcESaIcEEESt14default_deleteIS5_EEaSEOS8_
FN:172,_ZNSt15__uniq_ptr_implIN7testing8internal11ThreadLocalIPNS0_31TestPartResultReporterInterfaceEE18ValueHolderFactoryESt14default_deleteIS6_EE6_M_ptrEv
FNDA:2,_ZNSt15__uniq_ptr_implIN7testing8internal11ThreadLocalIPNS0_31TestPartResultReporterInterfaceEE18ValueHolderFactoryESt14default_deleteIS6_EE6_M_ptrEv
FN:172,_ZNSt15__uniq_ptr_implIN7testing8internal17StreamingListener20AbstractSocketWriterESt14default_deleteIS3_EE6_M_ptrEv
FNDA:0,_ZNSt15__uniq_ptr_implIN7testing8internal17StreamingListener20AbstractSocketWriterESt14default_deleteIS3_EE6_M_ptrEv
FN:172,_ZNSt15__uniq_ptr_implIN7testing8internal14GTestFlagSaverESt14default_deleteIS2_EE6_M_ptrEv
FNDA:40,_ZNSt15__uniq_ptr_implIN7testing8internal14GTestFlagSaverESt14default_deleteIS2_EE6_M_ptrEv
FN:172,_ZNSt15__uniq_ptr_implIN7testing8internal11ThreadLocalISt6vectorINS1_9TraceInfoESaIS4_EEE18ValueHolderFactoryESt14default_deleteIS8_EE6_M_ptrEv
FNDA:2,_ZNSt15__uniq_ptr_implIN7testing8internal11ThreadLocalISt6vectorINS1_9TraceInfoESaIS4_EEE18ValueHolderFactoryESt14default_deleteIS8_EE6_M_ptrEv
FN:172,_ZNSt15__uniq_ptr_implIKNSt7__cxx1112basic_stringIcSt11char_traitsIcESaIcEEESt14default_deleteIS6_EE6_M_ptrEv
FNDA:84,_ZNSt15__uniq_ptr_implIKNSt7__cxx1112basic_stringIcSt11char_traitsIcESaIcEEESt14default_deleteIS6_EE6_M_ptrEv
FN:172,_ZNSt15__uniq_ptr_implIN7testing8internal24InternalRunDeathTestFlagESt14default_deleteIS2_EE6_M_ptrEv
FNDA:3,_ZNSt15__uniq_ptr_implIN7testing8internal24InternalRunDeathTestFlagESt14default_deleteIS2_EE6_M_ptrEv
FN:172,_ZNSt15__uniq_ptr_implINSt7__cxx1112basic_stringIcSt11char_traitsIcESaIcEEESt14default_deleteIS5_EE6_M_ptrEv
FNDA:0,_ZNSt15__uniq_ptr_implINSt7__cxx1112basic_stringIcSt11char_traitsIcESaIcEEESt14default_deleteIS5_EE6_M_ptrEv
FN:172,_ZNSt15__uniq_ptr_implINSt7__cxx1118basic_stringstreamIcSt11char_traitsIcESaIcEEESt14default_deleteIS5_EE6_M_ptrEv
FNDA:0,_ZNSt15__uniq_ptr_implINSt7__cxx1118basic_stringstreamIcSt11char_traitsIcESaIcEEESt14default_deleteIS5_EE6_M_ptrEv
FN:172,_ZNSt15__uniq_ptr_implIN7testing8internal16DeathTestFactoryESt14default_deleteIS2_EE6_M_ptrEv
FNDA:2,_ZNSt15__uniq_ptr_implIN7testing8internal16DeathTestFactoryESt14default_deleteIS2_EE6_M_ptrEv
FN:173,_ZNKSt15__uniq_ptr_implIN7testing8internal11ThreadLocalIPNS0_31TestPartResultReporterInterfaceEE18ValueHolderFactoryESt14default_deleteIS6_EE6_M_ptrEv
FNDA:0,_ZNKSt15__uniq_ptr_implIN7testing8internal11ThreadLocalIPNS0_31TestPartResultReporterInterfaceEE18ValueHolderFactoryESt14default_deleteIS6_EE6_M_ptrEv
FN:173,_ZNKSt15__uniq_ptr_implINSt7__cxx1118basic_stringstreamIcSt11char_traitsIcESaIcEEESt14default_deleteIS5_EE6_M_ptrEv
FNDA:0,_ZNKSt15__uniq_ptr_implINSt7__cxx1118basic_stringstreamIcSt11char_traitsIcESaIcEEESt14default_deleteIS5_EE6_M_ptrEv
FN:173,_ZNKSt15__uniq_ptr_implIN7testing8internal24InternalRunDeathTestFlagESt14default_deleteIS2_EE6_M_ptrEv
FNDA:2,_ZNKSt15__uniq_ptr_implIN7testing8internal24InternalRunDeathTestFlagESt14default_deleteIS2_EE6_M_ptrEv
FN:173,_ZNKSt15__uniq_ptr_implIN7testing8internal17StreamingListener20AbstractSocketWriterESt14default_deleteIS3_EE6_M_ptrEv
FNDA:0,_ZNKSt15__uniq_ptr_implIN7testing8internal17StreamingListener20AbstractSocketWriterESt14default_deleteIS3_EE6_M_ptrEv
FN:173,_ZNKSt15__uniq_ptr_implIN7testing8internal11ThreadLocalISt6vectorINS1_9TraceInfoESaIS4_EEE18ValueHolderFactoryESt14default_deleteIS8_EE6_M_ptrEv
FNDA:0,_ZNKSt15__uniq_ptr_implIN7testing8internal11ThreadLocalISt6vectorINS1_9TraceInfoESaIS4_EEE18ValueHolderFactoryESt14default_deleteIS8_EE6_M_ptrEv
FN:173,_ZNKSt15__uniq_ptr_implIKNSt7__cxx1112basic_stringIcSt11char_traitsIcESaIcEEESt14default_deleteIS6_EE6_M_ptrEv
FNDA:22,_ZNKSt15__uniq_ptr_implIKNSt7__cxx1112basic_stringIcSt11char_traitsIcESaIcEEESt14default_deleteIS6_EE6_M_ptrEv
FN:173,_ZNKSt15__uniq_ptr_implINSt7__cxx1112basic_stringIcSt11char_traitsIcESaIcEEESt14default_deleteIS5_EE6_M_ptrEv
FNDA:0,_ZNKSt15__uniq_ptr_implINSt7__cxx1112basic_stringIcSt11char_traitsIcESaIcEEESt14default_deleteIS5_EE6_M_ptrEv
FN:174,_ZNSt15__uniq_ptr_implIKNSt7__cxx1112basic_stringIcSt11char_traitsIcESaIcEEESt14default_deleteIS6_EE10_M_deleterEv
FNDA:0,_ZNSt15__uniq_ptr_implIKNSt7__cxx1112basic_stringIcSt11char_traitsIcESaIcEEESt14default_deleteIS6_EE10_M_deleterEv
FN:174,_ZNSt15__uniq_ptr_implIN7testing8internal14GTestFlagSaverESt14default_deleteIS2_EE10_M_deleterEv
FNDA:20,_ZNSt15__uniq_ptr_implIN7testing8internal14GTestFlagSaverESt14default_deleteIS2_EE10_M_deleterEv
FN:174,_ZNSt15__uniq_ptr_implIN7testing8internal17StreamingListener20AbstractSocketWriterESt14default_deleteIS3_EE10_M_deleterEv
FNDA:0,_ZNSt15__uniq_ptr_implIN7testing8internal17StreamingListener20AbstractSocketWriterESt14default_deleteIS3_EE10_M_deleterEv
FN:174,_ZNSt15__uniq_ptr_implIN7testing8internal24InternalRunDeathTestFlagESt14default_deleteIS2_EE10_M_deleterEv
FNDA:0,_ZNSt15__uniq_ptr_implIN7testing8internal24InternalRunDeathTestFlagESt14default_deleteIS2_EE10_M_deleterEv
FN:174,_ZNSt15__uniq_ptr_implINSt7__cxx1118basic_stringstreamIcSt11char_traitsIcESaIcEEESt14default_deleteIS5_EE10_M_deleterEv
FNDA:0,_ZNSt15__uniq_ptr_implINSt7__cxx1118basic_stringstreamIcSt11char_traitsIcESaIcEEESt14default_deleteIS5_EE10_M_deleterEv
FN:174,_ZNSt15__uniq_ptr_implIN7testing8internal11ThreadLocalIPNS0_31TestPartResultReporterInterfaceEE18ValueHolderFactoryESt14default_deleteIS6_EE10_M_deleterEv
FNDA:1,_ZNSt15__uniq_ptr_implIN7testing8internal11ThreadLocalIPNS0_31TestPartResultReporterInterfaceEE18ValueHolderFactoryESt14default_deleteIS6_EE10_M_deleterEv
FN:174,_ZNSt15__uniq_ptr_implIN7testing8internal11ThreadLocalISt6vectorINS1_9TraceInfoESaIS4_EEE18ValueHolderFactoryESt14default_deleteIS8_EE10_M_deleterEv
FNDA:1,_ZNSt15__uniq_ptr_implIN7testing8internal11ThreadLocalISt6vectorINS1_9TraceInfoESaIS4_EEE18ValueHolderFactoryESt14default_deleteIS8_EE10_M_deleterEv
FN:174,_ZNSt15__uniq_ptr_implIN7testing8internal16DeathTestFactoryESt14default_deleteIS2_EE10_M_deleterEv
FNDA:1,_ZNSt15__uniq_ptr_implIN7testing8internal16DeathTestFactoryESt14default_deleteIS2_EE10_M_deleterEv
FN:174,_ZNSt15__uniq_ptr_implINSt7__cxx1112basic_stringIcSt11char_traitsIcESaIcEEESt14default_deleteIS5_EE10_M_deleterEv
FNDA:0,_ZNSt15__uniq_ptr_implINSt7__cxx1112basic_stringIcSt11char_traitsIcESaIcEEESt14default_deleteIS5_EE10_M_deleterEv
FN:177,_ZNSt15__uniq_ptr_implINSt7__cxx1112basic_stringIcSt11char_traitsIcESaIcEEESt14default_deleteIS5_EE5resetEPS5_
FNDA:0,_ZNSt15__uniq_ptr_implINSt7__cxx1112basic_stringIcSt11char_traitsIcESaIcEEESt14default_deleteIS5_EE5resetEPS5_
FN:177,_ZNSt15__uniq_ptr_implIN7testing8internal24InternalRunDeathTestFlagESt14default_deleteIS2_EE5resetEPS2_
FNDA:1,_ZNSt15__uniq_ptr_implIN7testing8internal24InternalRunDeathTestFlagESt14default_deleteIS2_EE5resetEPS2_
FN:185,_ZNSt15__uniq_ptr_implINSt7__cxx1112basic_stringIcSt11char_traitsIcESaIcEEESt14default_deleteIS5_EE7releaseEv
FNDA:0,_ZNSt15__uniq_ptr_implINSt7__cxx1112basic_stringIcSt11char_traitsIcESaIcEEESt14default_deleteIS5_EE7releaseEv
FN:212,_ZNSt15__uniq_ptr_dataINSt7__cxx1112basic_stringIcSt11char_traitsIcESaIcEEESt14default_deleteIS5_ELb1ELb1EEaSEOS8_
FNDA:0,_ZNSt15__uniq_ptr_dataINSt7__cxx1112basic_stringIcSt11char_traitsIcESaIcEEESt14default_deleteIS5_ELb1ELb1EEaSEOS8_
FN:269,_ZNSt10unique_ptrIN7testing8internal24InternalRunDeathTestFlagESt14default_deleteIS2_EEC2IS4_vEEv
FNDA:1,_ZNSt10unique_ptrIN7testing8internal24InternalRunDeathTestFlagESt14default_deleteIS2_EEC2IS4_vEEv
FN:281,_ZNSt10unique_ptrINSt7__cxx1112basic_stringIcSt11char_traitsIcESaIcEEESt14default_deleteIS5_EEC2IS7_vEEPS5_
FNDA:0,_ZNSt10unique_ptrINSt7__cxx1112basic_stringIcSt11char_traitsIcESaIcEEESt14default_deleteIS5_EEC2IS7_vEEPS5_
FN:281,_ZNSt10unique_ptrIN7testing8internal14GTestFlagSaverESt14default_deleteIS2_EEC2IS4_vEEPS2_
FNDA:20,_ZNSt10unique_ptrIN7testing8internal14GTestFlagSaverESt14default_deleteIS2_EEC2IS4_vEEPS2_
FN:281,_ZNSt10unique_ptrIKNSt7__cxx1112basic_stringIcSt11char_traitsIcESaIcEEESt14default_deleteIS6_EEC2IS8_vEEPS6_
FNDA:42,_ZNSt10unique_ptrIKNSt7__cxx1112basic_stringIcSt11char_traitsIcESaIcEEESt14default_deleteIS6_EEC2IS8_vEEPS6_
FN:281,_ZNSt10unique_ptrIN7testing8internal16DeathTestFactoryESt14default_deleteIS2_EEC2IS4_vEEPS2_
FNDA:1,_ZNSt10unique_ptrIN7testing8internal16DeathTestFactoryESt14default_deleteIS2_EEC2IS4_vEEPS2_
FN:281,_ZNSt10unique_ptrIN7testing8internal11ThreadLocalISt6vectorINS1_9TraceInfoESaIS4_EEE18ValueHolderFactoryESt14default_deleteIS8_EEC2ISA_vEEPS8_
FNDA:1,_ZNSt10unique_ptrIN7testing8internal11ThreadLocalISt6vectorINS1_9TraceInfoESaIS4_EEE18ValueHolderFactoryESt14default_deleteIS8_EEC2ISA_vEEPS8_
FN:281,_ZNSt10unique_ptrIN7testing8internal17StreamingListener20AbstractSocketWriterESt14default_deleteIS3_EEC2IS5_vEEPS3_
FNDA:0,_ZNSt10unique_ptrIN7testing8internal17StreamingListener20AbstractSocketWriterESt14default_deleteIS3_EEC2IS5_vEEPS3_
FN:281,_ZNSt10unique_ptrINSt7__cxx1118basic_stringstreamIcSt11char_traitsIcESaIcEEESt14default_deleteIS5_EEC2IS7_vEEPS5_
FNDA:75,_ZNSt10unique_ptrINSt7__cxx1118basic_stringstreamIcSt11char_traitsIcESaIcEEESt14default_deleteIS5_EEC2IS7_vEEPS5_
FN:281,_ZNSt10unique_ptrIN7testing8internal11ThreadLocalIPNS0_31TestPartResultReporterInterfaceEE18ValueHolderFactoryESt14default_deleteIS6_EEC2IS8_vEEPS6_
FNDA:1,_ZNSt10unique_ptrIN7testing8internal11ThreadLocalIPNS0_31TestPartResultReporterInterfaceEE18ValueHolderFactoryESt14default_deleteIS6_EEC2IS8_vEEPS6_
FN:355,_ZNSt10unique_ptrIKNSt7__cxx1112basic_stringIcSt11char_traitsIcESaIcEEESt14default_deleteIS6_EED2Ev
[...]
FN:379,_ZN7testing8internal19FormatForComparisonIijE6FormatB5cxx11ERKi
FNDA:0,_ZN7testing8internal19FormatForComparisonIijE6FormatB5cxx11ERKi
FN:459,_ZN7testing8internal33FormatForComparisonFailureMessageIhiEENSt7__cxx1112basic_stringIcSt11char_traitsIcESaIcEEERKT_RKT0_
FNDA:0,_ZN7testing8internal33FormatForComparisonFailureMessageIhiEENSt7__cxx1112basic_stringIcSt11char_traitsIcESaIcEEERKT_RKT0_
FN:459,_ZN7testing8internal33FormatForComparisonFailureMessageIihEENSt7__cxx1112basic_stringIcSt11char_traitsIcESaIcEEERKT_RKT0_
FNDA:0,_ZN7testing8internal33FormatForComparisonFailureMessageIihEENSt7__cxx1112basic_stringIcSt11char_traitsIcESaIcEEERKT_RKT0_
FN:459,_ZN7testing8internal33FormatForComparisonFailureMessageIjiEENSt7__cxx1112basic_stringIcSt11char_traitsIcESaIcEEERKT_RKT0_
FNDA:0,_ZN7testing8internal33FormatForComparisonFailureMessageIjiEENSt7__cxx1112basic_stringIcSt11char_traitsIcESaIcEEERKT_RKT0_
FN:459,_ZN7testing8internal33FormatForComparisonFailureMessageIijEENSt7__cxx1112basic_stringIcSt11char_traitsIcESaIcEEERKT_RKT0_
FNDA:0,_ZN7testing8internal33FormatForComparisonFailureMessageIijEENSt7__cxx1112basic_stringIcSt11char_traitsIcESaIcEEERKT_RKT0_
FN:486,_ZN7testing8internal7PrintToIiEEvRKT_PSo
FNDA:0,_ZN7testing8internal7PrintToIiEEvRKT_PSo
FN:486,_ZN7testing8internal7PrintToIjEEvRKT_PSo
FNDA:0,_ZN7testing8internal7PrintToIjEEvRKT_PSo
FN:835,_ZN7testing8internal16UniversalPrinterIhE5PrintERKhPSo
FNDA:0,_ZN7testing8internal16UniversalPrinterIhE5PrintERKhPSo
FN:835,_ZN7testing8internal16UniversalPrinterIiE5PrintERKiPSo
FNDA:0,_ZN7testing8internal16UniversalPrinterIiE5PrintERKiPSo
FN:835,_ZN7testing8internal16UniversalPrinterIjE5PrintERKjPSo
FNDA:0,_ZN7testing8internal16UniversalPrinterIjE5PrintERKjPSo
FN:1025,_ZN7testing8internal21UniversalTersePrinterIjE5PrintERKjPSo
FNDA:0,_ZN7testing8internal21UniversalTersePrinterIjE5PrintERKjPSo
FN:1025,_ZN7testing8internal21UniversalTersePrinterIiE5PrintERKiPSo
FNDA:0,_ZN7testing8internal21UniversalTersePrinterIiE5PrintERKiPSo
FN:1025,_ZN7testing8internal21UniversalTersePrinterIhE5PrintERKhPSo
FNDA:0,_ZN7testing8internal21UniversalTersePrinterIhE5PrintERKhPSo
FN:1144,_ZN7testing8internal14UniversalPrintIhEEvRKT_PSo
FNDA:0,_ZN7testing8internal14UniversalPrintIhEEvRKT_PSo
FN:1144,_ZN7testing8internal14UniversalPrintIiEEvRKT_PSo
FNDA:0,_ZN7testing8internal14UniversalPrintIiEEvRKT_PSo
FN:1144,_ZN7testing8internal14UniversalPrintIjEEvRKT_PSo
FNDA:0,_ZN7testing8internal14UniversalPrintIjEEvRKT_PSo
FN:1184,_ZN7testing13PrintToStringIjEENSt7__cxx1112basic_stringIcSt11char_traitsIcESaIcEEERKT_
FNDA:0,_ZN7testing13PrintToStringIjEENSt7__cxx1112basic_stringIcSt11char_traitsIcESaIcEEERKT_
FN:1184,_ZN7testing13PrintToStringIiEENSt7__cxx1112basic_stringIcSt11char_traitsIcESaIcEEERKT_
FNDA:0,_ZN7testing13PrintToStringIiEENSt7__cxx1112basic_stringIcSt11char_traitsIcESaIcEEERKT_
FN:1184,_ZN7testing13PrintToStringIhEENSt7__cxx1112basic_stringIcSt11char_traitsIcESaIcEEERKT_
FNDA:0,_ZN7testing13PrintToStringIhEENSt7__cxx1112basic_stringIcSt11char_traitsIcESaIcEEERKT_
DA:244,0
DA:248,0
DA:249,0
DA:244,0
DA:248,0
DA:249,0
DA:348,0
DA:358,0
DA:359,0
DA:348,0
DA:358,0
DA:359,0
DA:379,0
DA:380,0
DA:379,0
DA:380,0
DA:379,0
DA:380,0
DA:379,0
DA:380,0
DA:459,0
DA:461,0
DA:459,0
DA:461,0
DA:459,0
DA:461,0
DA:459,0
DA:461,0
DA:486,0
DA:487,0
DA:488,0
DA:486,0
DA:487,0
DA:488,0
DA:835,0
DA:844,0
DA:845,0
DA:835,0
DA:844,0
DA:845,0
DA:835,0
DA:844,0
DA:845,0
DA:1025,0
DA:1026,0
DA:1027,0
DA:1025,0
DA:1026,0
DA:1027,0
DA:1025,0
DA:1026,0
DA:1027,0
DA:1144,0
DA:1148,0
DA:1149,0
DA:1144,0
DA:1148,0
DA:1149,0
DA:1144,0
DA:1148,0
DA:1149,0
DA:1184,0
DA:1185,0
DA:1186,0
DA:1187,0
DA:1188,0
DA:1184,0
DA:1185,0
DA:1186,0
DA:1187,0
DA:1188,0
DA:1184,0
DA:1185,0
DA:1186,0
DA:1187,0
DA:1188,0
end_of_record
SF:/usr/include/c++/11/bits/basic_string.h
end_of_record
SF:/home/jlaustill/repo/sea-dash/.pio/libdeps/latest_stable/googletest/googletest/include/gtest/gtest-message.h
end_of_record
SF:/home/jlaustill/repo/sea-dash/.pio/libdeps/latest_stable/googletest/googletest/include/gtest/gtest.h
FN:255,_ZN7testing4Test14SetUpTestSuiteEv
FNDA:0,_ZN7testing4Test14SetUpTestSuiteEv
FN:263,_ZN7testing4Test17TearDownTestSuiteEv
FNDA:0,_ZN7testing4Test17TearDownTestSuiteEv
FN:268,_ZN7testing4Test16TearDownTestCaseEv
FNDA:0,_ZN7testing4Test16TearDownTestCaseEv
FN:269,_ZN7testing4Test13SetUpTestCaseEv
FNDA:0,_ZN7testing4Test13SetUpTestCaseEv
FN:356,_ZN7testing4Test5SetupEv
FNDA:0,_ZN7testing4Test5SetupEv
FN:1374,_ZN7testing8internal18CmpHelperEQFailureIjiEENS_15AssertionResultEPKcS4_RKT_RKT0_
FNDA:0,_ZN7testing8internal18CmpHelperEQFailureIjiEENS_15AssertionResultEPKcS4_RKT_RKT0_
FN:1374,_ZN7testing8internal18CmpHelperEQFailureIhiEENS_15AssertionResultEPKcS4_RKT_RKT0_
FNDA:0,_ZN7testing8internal18CmpHelperEQFailureIhiEENS_15AssertionResultEPKcS4_RKT_RKT0_
FN:1391,_ZN7testing8internal11CmpHelperEQIjiEENS_15AssertionResultEPKcS4_RKT_RKT0_
FNDA:18,_ZN7testing8internal11CmpHelperEQIjiEENS_15AssertionResultEPKcS4_RKT_RKT0_
FN:1391,_ZN7testing8internal11CmpHelperEQIhiEENS_15AssertionResultEPKcS4_RKT_RKT0_
FNDA:4,_ZN7testing8internal11CmpHelperEQIhiEENS_15AssertionResultEPKcS4_RKT_RKT0_
FN:1410,_ZN7testing8internal8EqHelper7CompareIjiLPv0EEENS_15AssertionResultEPKcS6_RKT_RKT0_
FNDA:18,_ZN7testing8internal8EqHelper7CompareIjiLPv0EEENS_15AssertionResultEPKcS6_RKT_RKT0_
FN:1410,_ZN7testing8internal8EqHelper7CompareIhiLPv0EEENS_15AssertionResultEPKcS6_RKT_RKT0_
FNDA:4,_ZN7testing8internal8EqHelper7CompareIhiLPv0EEENS_15AssertionResultEPKcS6_RKT_RKT0_
DA:255,0
DA:263,0
DA:268,0
DA:269,0
DA:356,0
DA:1374,0
DA:1379,0
DA:1374,0
DA:1379,0
DA:1391,18
DA:1394,18
DA:1395,18
DA:1398,0
DA:1391,4
DA:1394,4
DA:1395,4
DA:1398,0
DA:1410,18
DA:1413,18
DA:1410,4
DA:1413,4
end_of_record
SF:/home/jlaustill/repo/sea-dash/.pio/libdeps/latest_stable/googletest/googletest/include/gtest/internal/gtest-port.h
FN:1082,_ZN7testing8internal8GTestLog9GetStreamEv
FNDA:0,_ZN7testing8internal8GTestLog9GetStreamEv
DA:1082,0
end_of_record
SF:/usr/include/c++/11/bits/basic_string.tcc
FN:206,_ZNSt7__cxx1112basic_stringIcSt11char_traitsIcESaIcEE12_M_constructIPKcEEvT_S8_St20forward_iterator_tag
FNDA:0,_ZNSt7__cxx1112basic_stringIcSt11char_traitsIcESaIcEE12_M_constructIPKcEEvT_S8_St20forward_iterator_tag
DA:206,0
DA:211,0
DA:212,0
DA:215,0
DA:217,0
DA:219,0
DA:220,0
DA:225,0
DA:226,0
DA:228,0
DA:229,0
DA:232,0
DA:233,0
end_of_record
SF:/home/jlaustill/repo/sea-dash/test/Bit_test.cpp
FN:7,_ZN31BitUtilsTest_getNBitsWorks_TestC2Ev
FNDA:1,_ZN31BitUtilsTest_getNBitsWorks_TestC2Ev
FN:7,_ZN31BitUtilsTest_getNBitsWorks_Test8TestBodyEv
FNDA:1,_ZN31BitUtilsTest_getNBitsWorks_Test8TestBodyEv
FN:7,_ZN31BitUtilsTest_getNBitsWorks_TestD2Ev
FNDA:1,_ZN31BitUtilsTest_getNBitsWorks_TestD2Ev
FN:7,_ZN31BitUtilsTest_getNBitsWorks_TestD0Ev
FNDA:1,_ZN31BitUtilsTest_getNBitsWorks_TestD0Ev
FN:16,_ZN44BitUtilsTest_getNBitsHandlesOutOfBounds_TestC2Ev
FNDA:1,_ZN44BitUtilsTest_getNBitsHandlesOutOfBounds_TestC2Ev
FN:16,_ZN44BitUtilsTest_getNBitsHandlesOutOfBounds_Test8TestBodyEv
FNDA:1,_ZN44BitUtilsTest_getNBitsHandlesOutOfBounds_Test8TestBodyEv
FN:16,_ZN44BitUtilsTest_getNBitsHandlesOutOfBounds_TestD2Ev
FNDA:1,_ZN44BitUtilsTest_getNBitsHandlesOutOfBounds_TestD2Ev
FN:16,_ZN44BitUtilsTest_getNBitsHandlesOutOfBounds_TestD0Ev
FNDA:1,_ZN44BitUtilsTest_getNBitsHandlesOutOfBounds_TestD0Ev
FN:24,_ZN26BitUtilsTest_getNOnes_TestC2Ev
FNDA:1,_ZN26BitUtilsTest_getNOnes_TestC2Ev
FN:24,_ZN26BitUtilsTest_getNOnes_TestD0Ev
FNDA:1,_ZN26BitUtilsTest_getNOnes_TestD0Ev
FN:24,_ZN26BitUtilsTest_getNOnes_TestD2Ev
FNDA:1,_ZN26BitUtilsTest_getNOnes_TestD2Ev
FN:24,_ZN26BitUtilsTest_getNOnes_Test8TestBodyEv
FNDA:1,_ZN26BitUtilsTest_getNOnes_Test8TestBodyEv
FN:30,_ZN28BitUtilsTest_getNOnesAt_TestD0Ev
FNDA:1,_ZN28BitUtilsTest_getNOnesAt_TestD0Ev
FN:30,_ZN28BitUtilsTest_getNOnesAt_TestD2Ev
FNDA:1,_ZN28BitUtilsTest_getNOnesAt_TestD2Ev
FN:30,_ZN28BitUtilsTest_getNOnesAt_TestC2Ev
FNDA:1,_ZN28BitUtilsTest_getNOnesAt_TestC2Ev
FN:30,_ZN28BitUtilsTest_getNOnesAt_Test8TestBodyEv
FNDA:1,_ZN28BitUtilsTest_getNOnesAt_Test8TestBodyEv
FN:36,_ZN26BitUtilsTest_setNBits_TestC2Ev
FNDA:1,_ZN26BitUtilsTest_setNBits_TestC2Ev
FN:36,_ZN26BitUtilsTest_setNBits_TestD0Ev
FNDA:1,_ZN26BitUtilsTest_setNBits_TestD0Ev
FN:36,_ZN26BitUtilsTest_setNBits_TestD2Ev
FNDA:1,_ZN26BitUtilsTest_setNBits_TestD2Ev
FN:36,_ZN26BitUtilsTest_setNBits_Test8TestBodyEv
FNDA:1,_ZN26BitUtilsTest_setNBits_Test8TestBodyEv
FN:42,_ZN39BitUtilsTest_setNBitsAtOutOfBounds_TestD2Ev
FNDA:1,_ZN39BitUtilsTest_setNBitsAtOutOfBounds_TestD2Ev
FN:42,_ZN39BitUtilsTest_setNBitsAtOutOfBounds_Test8TestBodyEv
FNDA:1,_ZN39BitUtilsTest_setNBitsAtOutOfBounds_Test8TestBodyEv
FN:42,_ZN39BitUtilsTest_setNBitsAtOutOfBounds_TestD0Ev
FNDA:1,_ZN39BitUtilsTest_setNBitsAtOutOfBounds_TestD0Ev
FN:42,_ZN39BitUtilsTest_setNBitsAtOutOfBounds_TestC2Ev
FNDA:1,_ZN39BitUtilsTest_setNBitsAtOutOfBounds_TestC2Ev
FN:48,_ZN41BitUtilsTest_setNBitsAtConstrainBits_Test8TestBodyEv
FNDA:1,_ZN41BitUtilsTest_setNBitsAtConstrainBits_Test8TestBodyEv
FN:48,_ZN41BitUtilsTest_setNBitsAtConstrainBits_TestD2Ev
FNDA:1,_ZN41BitUtilsTest_setNBitsAtConstrainBits_TestD2Ev
FN:48,_ZN41BitUtilsTest_setNBitsAtConstrainBits_TestD0Ev
FNDA:1,_ZN41BitUtilsTest_setNBitsAtConstrainBits_TestD0Ev
FN:48,_ZN41BitUtilsTest_setNBitsAtConstrainBits_TestC2Ev
FNDA:1,_ZN41BitUtilsTest_setNBitsAtConstrainBits_TestC2Ev
DA:7,1
DA:7,1
DA:7,1
DA:7,1
DA:8,1
DA:10,1
DA:12,1
DA:13,1
DA:14,1
DA:16,1
DA:16,1
DA:16,1
DA:16,1
DA:17,1
DA:18,1
DA:20,1
DA:21,1
DA:22,1
DA:24,1
DA:24,1
DA:24,1
DA:24,1
DA:25,1
DA:27,1
DA:28,1
DA:30,1
DA:30,1
DA:30,1
DA:30,1
DA:31,1
DA:33,1
DA:34,1
DA:36,1
DA:36,1
DA:36,1
DA:36,1
DA:37,1
DA:39,1
DA:40,1
DA:42,1
DA:42,1
DA:42,1
DA:42,1
DA:43,1
DA:45,1
DA:46,1
DA:48,1
DA:48,1
DA:48,1
DA:48,1
DA:49,1
DA:51,1
DA:52,1
end_of_record
SF:/usr/include/c++/11/bits/stl_iterator_base_funcs.h
FN:98,_ZSt10__distanceIPKcENSt15iterator_traitsIT_E15difference_typeES3_S3_St26random_access_iterator_tag
FNDA:0,_ZSt10__distanceIPKcENSt15iterator_traitsIT_E15difference_typeES3_S3_St26random_access_iterator_tag
FN:138,_ZSt8distanceIPKcENSt15iterator_traitsIT_E15difference_typeES3_S3_
FNDA:0,_ZSt8distanceIPKcENSt15iterator_traitsIT_E15difference_typeES3_S3_
DA:98,0
DA:104,0
DA:138,0
DA:141,0
DA:142,0
end_of_record
SF:/home/jlaustill/repo/sea-dash/.pio/libdeps/latest_stable/googletest/googletest/include/gtest/gtest-assertion-result.h
FN:174,_ZNK7testing15AssertionResultcvbEv
FNDA:25,_ZNK7testing15AssertionResultcvbEv
FN:183,_ZNK7testing15AssertionResult7messageEv
FNDA:0,_ZNK7testing15AssertionResult7messageEv
FN:187,_ZNK7testing15AssertionResult15failure_messageEv
FNDA:0,_ZNK7testing15AssertionResult15failure_messageEv
DA:174,25
DA:183,0
DA:184,0
DA:187,0
end_of_record
SF:/usr/include/c++/11/bits/stl_iterator_base_types.h
FN:238,_ZSt19__iterator_categoryIPKcENSt15iterator_traitsIT_E17iterator_categoryERKS3_
FNDA:0,_ZSt19__iterator_categoryIPKcENSt15iterator_traitsIT_E17iterator_categoryERKS3_
DA:238,0
DA:239,0
end_of_record
SF:/usr/include/c++/11/bits/char_traits.h
FN:393,_ZNSt11char_traitsIcE6lengthEPKc
FNDA:0,_ZNSt11char_traitsIcE6lengthEPKc
FN:429,_ZNSt11char_traitsIcE4copyEPcPKcm
FNDA:0,_ZNSt11char_traitsIcE4copyEPcPKcm
DA:393,0
DA:399,0
DA:429,0
DA:431,0
DA:432,0
DA:437,0
end_of_record
SF:/usr/include/c++/11/iostream
end_of_record
SF:/usr/include/c++/11/ext/type_traits.h
FN:152,_ZN9__gnu_cxx17__is_null_pointerIKcEEbPT_
FNDA:0,_ZN9__gnu_cxx17__is_null_pointerIKcEEbPT_
DA:152,0
DA:153,0
end_of_record
SF:/usr/include/c++/11/tuple
FN:124,_ZNSt10_Head_baseILm1ESt14default_deleteINSt7__cxx1118basic_stringstreamIcSt11char_traitsIcESaIcEEEELb1EE7_M_headERS8_
FNDA:75,_ZNSt10_Head_baseILm1ESt14default_deleteINSt7__cxx1118basic_stringstreamIcSt11char_traitsIcESaIcEEEELb1EE7_M_headERS8_
FN:124,_ZNSt10_Head_baseILm1ESt14default_deleteINSt7__cxx1112basic_stringIcSt11char_traitsIcESaIcEEEELb1EE7_M_headERS8_
FNDA:0,_ZNSt10_Head_baseILm1ESt14default_deleteINSt7__cxx1112basic_stringIcSt11char_traitsIcESaIcEEEELb1EE7_M_headERS8_
FN:233,_ZNSt10_Head_baseILm0EPNSt7__cxx1112basic_stringIcSt11char_traitsIcESaIcEEELb0EE7_M_headERS7_
FNDA:25,_ZNSt10_Head_baseILm0EPNSt7__cxx1112basic_stringIcSt11char_traitsIcESaIcEEELb0EE7_M_headERS7_
FN:233,_ZNSt10_Head_baseILm0EPNSt7__cxx1118basic_stringstreamIcSt11char_traitsIcESaIcEEELb0EE7_M_headERS7_
FNDA:150,_ZNSt10_Head_baseILm0EPNSt7__cxx1118basic_stringstreamIcSt11char_traitsIcESaIcEEELb0EE7_M_headERS7_
FN:236,_ZNSt10_Head_baseILm0EPNSt7__cxx1112basic_stringIcSt11char_traitsIcESaIcEEELb0EE7_M_headERKS7_
FNDA:0,_ZNSt10_Head_baseILm0EPNSt7__cxx1112basic_stringIcSt11char_traitsIcESaIcEEELb0EE7_M_headERKS7_
FN:268,_ZNSt11_Tuple_implILm0EJPNSt7__cxx1112basic_stringIcSt11char_traitsIcESaIcEEESt14default_deleteIS5_EEE7_M_headERS9_
FNDA:25,_ZNSt11_Tuple_implILm0EJPNSt7__cxx1112basic_stringIcSt11char_traitsIcESaIcEEESt14default_deleteIS5_EEE7_M_headERS9_
FN:268,_ZNSt11_Tuple_implILm0EJPNSt7__cxx1118basic_stringstreamIcSt11char_traitsIcESaIcEEESt14default_deleteIS5_EEE7_M_headERS9_
FNDA:150,_ZNSt11_Tuple_implILm0EJPNSt7__cxx1118basic_stringstreamIcSt11char_traitsIcESaIcEEESt14default_deleteIS5_EEE7_M_headERS9_
FN:271,_ZNSt11_Tuple_implILm0EJPNSt7__cxx1112basic_stringIcSt11char_traitsIcESaIcEEESt14default_deleteIS5_EEE7_M_headERKS9_
FNDA:0,_ZNSt11_Tuple_implILm0EJPNSt7__cxx1112basic_stringIcSt11char_traitsIcESaIcEEESt14default_deleteIS5_EEE7_M_headERKS9_
FN:424,_ZNSt11_Tuple_implILm1EJSt14default_deleteINSt7__cxx1118basic_stringstreamIcSt11char_traitsIcESaIcEEEEEE7_M_headERS8_
FNDA:75,_ZNSt11_Tuple_implILm1EJSt14default_deleteINSt7__cxx1118basic_stringstreamIcSt11char_traitsIcESaIcEEEEEE7_M_headERS8_
FN:424,_ZNSt11_Tuple_implILm1EJSt14default_deleteINSt7__cxx1112basic_stringIcSt11char_traitsIcESaIcEEEEEE7_M_headERS8_
FNDA:0,_ZNSt11_Tuple_implILm1EJSt14default_deleteINSt7__cxx1112basic_stringIcSt11char_traitsIcESaIcEEEEEE7_M_headERS8_
FN:1377,_ZSt12__get_helperILm1ESt14default_deleteINSt7__cxx1118basic_stringstreamIcSt11char_traitsIcESaIcEEEEJEERT0_RSt11_Tuple_implIXT_EJS8_DpT1_EE
FNDA:75,_ZSt12__get_helperILm1ESt14default_deleteINSt7__cxx1118basic_stringstreamIcSt11char_traitsIcESaIcEEEEJEERT0_RSt11_Tuple_implIXT_EJS8_DpT1_EE
FN:1377,_ZSt12__get_helperILm0EPNSt7__cxx1118basic_stringstreamIcSt11char_traitsIcESaIcEEEJSt14default_deleteIS5_EEERT0_RSt11_Tuple_implIXT_EJS9_DpT1_EE
FNDA:150,_ZSt12__get_helperILm0EPNSt7__cxx1118basic_stringstreamIcSt11char_traitsIcESaIcEEEJSt14default_deleteIS5_EEERT0_RSt11_Tuple_implIXT_EJS9_DpT1_EE
FN:1377,_ZSt12__get_helperILm0EPNSt7__cxx1112basic_stringIcSt11char_traitsIcESaIcEEEJSt14default_deleteIS5_EEERT0_RSt11_Tuple_implIXT_EJS9_DpT1_EE
FNDA:25,_ZSt12__get_helperILm0EPNSt7__cxx1112basic_stringIcSt11char_traitsIcESaIcEEEJSt14default_deleteIS5_EEERT0_RSt11_Tuple_implIXT_EJS9_DpT1_EE
FN:1377,_ZSt12__get_helperILm1ESt14default_deleteINSt7__cxx1112basic_stringIcSt11char_traitsIcESaIcEEEEJEERT0_RSt11_Tuple_implIXT_EJS8_DpT1_EE
FNDA:0,_ZSt12__get_helperILm1ESt14default_deleteINSt7__cxx1112basic_stringIcSt11char_traitsIcESaIcEEEEJEERT0_RSt11_Tuple_implIXT_EJS8_DpT1_EE
FN:1382,_ZSt12__get_helperILm0EPNSt7__cxx1112basic_stringIcSt11char_traitsIcESaIcEEEJSt14default_deleteIS5_EEERKT0_RKSt11_Tuple_implIXT_EJS9_DpT1_EE
FNDA:0,_ZSt12__get_helperILm0EPNSt7__cxx1112basic_stringIcSt11char_traitsIcESaIcEEEJSt14default_deleteIS5_EEERKT0_RKSt11_Tuple_implIXT_EJS9_DpT1_EE
FN:1393,_ZSt3getILm1EJPNSt7__cxx1118basic_stringstreamIcSt11char_traitsIcESaIcEEESt14default_deleteIS5_EEERNSt13tuple_elementIXT_ESt5tupleIJDpT0_EEE4typeERSD_
FNDA:75,_ZSt3getILm1EJPNSt7__cxx1118basic_stringstreamIcSt11char_traitsIcESaIcEEESt14default_deleteIS5_EEERNSt13tuple_elementIXT_ESt5tupleIJDpT0_EEE4typeERSD_
FN:1393,_ZSt3getILm1EJPNSt7__cxx1112basic_stringIcSt11char_traitsIcESaIcEEESt14default_deleteIS5_EEERNSt13tuple_elementIXT_ESt5tupleIJDpT0_EEE4typeERSD_
FNDA:0,_ZSt3getILm1EJPNSt7__cxx1112basic_stringIcSt11char_traitsIcESaIcEEESt14default_deleteIS5_EEERNSt13tuple_elementIXT_ESt5tupleIJDpT0_EEE4typeERSD_
FN:1393,_ZSt3getILm0EJPNSt7__cxx1112basic_stringIcSt11char_traitsIcESaIcEEESt14default_deleteIS5_EEERNSt13tuple_elementIXT_ESt5tupleIJDpT0_EEE4typeERSD_
FNDA:25,_ZSt3getILm0EJPNSt7__cxx1112basic_stringIcSt11char_traitsIcESaIcEEESt14default_deleteIS5_EEERNSt13tuple_elementIXT_ESt5tupleIJDpT0_EEE4typeERSD_
FN:1393,_ZSt3getILm0EJPNSt7__cxx1118basic_stringstreamIcSt11char_traitsIcESaIcEEESt14default_deleteIS5_EEERNSt13tuple_elementIXT_ESt5tupleIJDpT0_EEE4typeERSD_
FNDA:150,_ZSt3getILm0EJPNSt7__cxx1118basic_stringstreamIcSt11char_traitsIcESaIcEEESt14default_deleteIS5_EEERNSt13tuple_elementIXT_ESt5tupleIJDpT0_EEE4typeERSD_
FN:1399,_ZSt3getILm0EJPNSt7__cxx1112basic_stringIcSt11char_traitsIcESaIcEEESt14default_deleteIS5_EEERKNSt13tuple_elementIXT_ESt5tupleIJDpT0_EEE4typeERKSD_
FNDA:0,_ZSt3getILm0EJPNSt7__cxx1112basic_stringIcSt11char_traitsIcESaIcEEESt14default_deleteIS5_EEERKNSt13tuple_elementIXT_ESt5tupleIJDpT0_EEE4typeERKSD_
DA:124,75
DA:124,0
DA:233,25
DA:233,150
DA:236,0
DA:268,25
DA:268,150
DA:271,0
DA:424,75
DA:424,0
DA:1377,75
DA:1378,75
DA:1377,0
DA:1378,0
DA:1377,25
DA:1378,25
DA:1377,150
DA:1378,150
DA:1382,0
DA:1383,0
DA:1393,75
DA:1394,75
DA:1393,0
DA:1394,0
DA:1393,25
DA:1394,25
DA:1393,150
DA:1394,150
DA:1399,0
DA:1400,0
end_of_record
SF:/usr/include/c++/11/bits/move.h
FN:104,_ZSt4moveIRPNSt7__cxx1112basic_stringIcSt11char_traitsIcESaIcEEEEONSt16remove_referenceIT_E4typeEOS9_
FNDA:0,_ZSt4moveIRPNSt7__cxx1112basic_stringIcSt11char_traitsIcESaIcEEEEONSt16remove_referenceIT_E4typeEOS9_
FN:104,_ZSt4moveIRPNSt7__cxx1118basic_stringstreamIcSt11char_traitsIcESaIcEEEEONSt16remove_referenceIT_E4typeEOS9_
FNDA:75,_ZSt4moveIRPNSt7__cxx1118basic_stringstreamIcSt11char_traitsIcESaIcEEEEONSt16remove_referenceIT_E4typeEOS9_
FN:104,_ZSt4moveIRSaIcEEONSt16remove_referenceIT_E4typeEOS3_
FNDA:0,_ZSt4moveIRSaIcEEONSt16remove_referenceIT_E4typeEOS3_
FN:104,_ZSt4moveIRNSt7__cxx1112basic_stringIcSt11char_traitsIcESaIcEEEEONSt16remove_referenceIT_E4typeEOS8_
FNDA:160,_ZSt4moveIRNSt7__cxx1112basic_stringIcSt11char_traitsIcESaIcEEEEONSt16remove_referenceIT_E4typeEOS8_
DA:104,0
DA:105,0
DA:104,75
DA:105,75
DA:104,0
DA:105,0
DA:104,160
DA:105,160
end_of_record
TN:
SF:/home/jlaustill/repo/sea-dash/.pio/libdeps/latest_stable/googletest/googletest/include/gtest/gtest.h
FN:2334,_Z13RUN_ALL_TESTSv
FNDA:1,_Z13RUN_ALL_TESTSv
DA:2334,1
end_of_record
SF:/home/jlaustill/repo/sea-dash/test/dummy_test.cpp
FN:31,main
FNDA:1,main
DA:31,1
DA:32,1
DA:36,1
DA:40,1
end_of_record
SF:/usr/include/c++/11/iostream
end_of_record
TN:
SF:/home/jlaustill/repo/sea-dash/src/Bits.cpp
FN:10,_ZN7SeaDash4Bits8getNOnesEj
FNDA:8,_ZN7SeaDash4Bits8getNOnesEj
FN:12,_ZN7SeaDash4Bits10getNOnesAtEjj
FNDA:3,_ZN7SeaDash4Bits10getNOnesAtEjj
FN:16,_ZN7SeaDash4Bits7getMaxNEv
FNDA:9,_ZN7SeaDash4Bits7getMaxNEv
FN:18,_ZN7SeaDash4Bits8getNBitsEjjj
FNDA:6,_ZN7SeaDash4Bits8getNBitsEjjj
FN:28,_ZN7SeaDash4Bits10setNBitsAtEjjjj
FNDA:3,_ZN7SeaDash4Bits10setNBitsAtEjjjj
DA:10,8
DA:12,3
DA:13,3
DA:16,9
DA:18,6
DA:19,6
DA:20,6
DA:21,1
DA:22,5
DA:23,5
DA:24,4
DA:25,4
DA:28,3
DA:30,3
DA:32,3
DA:33,1
DA:35,2
DA:37,2
DA:38,2
DA:40,2
end_of_record
TN:
SF:/home/jlaustill/repo/sea-dash/src/Math.cpp
FN:6,_ZN7SeaDash4Math8addBAndBEii
FNDA:0,_ZN7SeaDash4Math8addBAndBEii
DA:6,0
DA:8,0
end_of_record
TN:
SF:/home/jlaustill/repo/sea-dash/src/Uint32/IncrementalCircularAverage.cpp
FN:11,_ZN7SeaDash6Uint3226IncrementalCircularAverageC2Eh
FNDA:13,_ZN7SeaDash6Uint3226IncrementalCircularAverageC2Eh
FN:14,_ZN7SeaDash6Uint3226IncrementalCircularAverageD2Ev
FNDA:13,_ZN7SeaDash6Uint3226IncrementalCircularAverageD2Ev
FN:16,_ZN7SeaDash6Uint3226IncrementalCircularAverage8addValueEj
FNDA:35,_ZN7SeaDash6Uint3226IncrementalCircularAverage8addValueEj
FN:35,_ZNK7SeaDash6Uint3226IncrementalCircularAverage10getAverageEv
FNDA:16,_ZNK7SeaDash6Uint3226IncrementalCircularAverage10getAverageEv
DA:11,13
DA:12,50
DA:14,13
DA:16,35
DA:17,35
DA:19,6
DA:23,35
DA:24,35
DA:27,35
DA:30,35
DA:31,9
DA:33,35
DA:35,16
DA:36,16
DA:37,9
DA:38,7
DA:39,6
DA:41,1
end_of_record
